"../../../Engine/Content/EditorResources/S_Actor.ubulk" 0
"../../../Engine/Content/EditorResources/S_Actor.uasset" 1
"../../../Engine/Content/EditorResources/S_Actor.uexp" 2
"../../../Engine/Content/EditorResources/S_BoxReflectionCapture.uasset" 3
"../../../Engine/Content/EditorResources/S_BoxReflectionCapture.uexp" 4
"../../../Engine/Content/EngineResources/DefaultTexture.ubulk" 5
"../../../Engine/Content/EngineResources/DefaultTexture.uasset" 6
"../../../Engine/Content/EngineResources/DefaultTexture.uexp" 7
"../../../Engine/Content/EngineResources/DefaultTextureCube.uasset" 8
"../../../Engine/Content/EngineResources/DefaultTextureCube.uexp" 9
"../../../Engine/Content/EngineResources/DefaultVolumeTexture2D.uasset" 10
"../../../Engine/Content/EngineResources/DefaultVolumeTexture2D.uexp" 11
"../../../Engine/Content/EngineResources/DefaultVolumeTexture.uasset" 12
"../../../Engine/Content/EngineResources/DefaultVolumeTexture.uexp" 13
"../../../Engine/Content/EditorResources/S_Trigger.ubulk" 14
"../../../Engine/Content/EditorResources/S_Trigger.uasset" 15
"../../../Engine/Content/EditorResources/S_Trigger.uexp" 16
"../../../Engine/Content/EditorResources/S_TriggerBox.uasset" 17
"../../../Engine/Content/EditorResources/S_TriggerBox.uexp" 18
"../../../Engine/Content/EditorResources/S_TriggerCapsule.uasset" 19
"../../../Engine/Content/EditorResources/S_TriggerCapsule.uexp" 20
"../../../Engine/Content/EditorResources/S_TriggerSphere.uasset" 21
"../../../Engine/Content/EditorResources/S_TriggerSphere.uexp" 22
"../../../Engine/Content/EngineMeshes/Sphere.ubulk" 23
"../../../Engine/Content/EngineMeshes/Sphere.uasset" 24
"../../../Engine/Content/EngineMeshes/Sphere.uexp" 25
"../../../Engine/Content/EngineResources/GradientTexture0.uasset" 26
"../../../Engine/Content/EngineResources/GradientTexture0.uexp" 27
"../../../Engine/Content/EngineResources/Black.uasset" 28
"../../../Engine/Content/EngineResources/Black.uexp" 29
"../../../Engine/Content/VREditor/LaserPointer/VR_LaserPower_01.ubulk" 30
"../../../Engine/Content/VREditor/LaserPointer/VR_LaserPower_01.uasset" 31
"../../../Engine/Content/VREditor/LaserPointer/VR_LaserPower_01.uexp" 32
"../../../Engine/Content/VREditor/TransformGizmo/TransformGizmoMaterial.uasset" 33
"../../../Engine/Content/VREditor/TransformGizmo/TransformGizmoMaterial.uexp" 34
"../../../Engine/Content/VREditor/TransformGizmo/TranslucentTransformGizmoMaterial.uasset" 35
"../../../Engine/Content/VREditor/TransformGizmo/TranslucentTransformGizmoMaterial.uexp" 36
"../../../Engine/Content/VREditor/TransformGizmo/BoundingBoxCorner.ubulk" 37
"../../../Engine/Content/VREditor/TransformGizmo/BoundingBoxCorner.uasset" 38
"../../../Engine/Content/VREditor/TransformGizmo/BoundingBoxCorner.uexp" 39
"../../../Engine/Content/VREditor/TransformGizmo/BoundingBoxEdge.ubulk" 40
"../../../Engine/Content/VREditor/TransformGizmo/BoundingBoxEdge.uasset" 41
"../../../Engine/Content/VREditor/TransformGizmo/BoundingBoxEdge.uexp" 42
"../../../Engine/Content/VREditor/TransformGizmo/Main.uasset" 43
"../../../Engine/Content/VREditor/TransformGizmo/Main.uexp" 44
"../../../Engine/Content/VREditor/TransformGizmo/Xray.uasset" 45
"../../../Engine/Content/VREditor/TransformGizmo/Xray.uexp" 46
"../../../Engine/Content/VREditor/TransformGizmo/SM_Sequencer_Node.ubulk" 47
"../../../Engine/Content/VREditor/TransformGizmo/SM_Sequencer_Node.uasset" 48
"../../../Engine/Content/VREditor/TransformGizmo/SM_Sequencer_Node.uexp" 49
"../../../Engine/Content/EditorResources/S_Solver.ubulk" 50
"../../../Engine/Content/EditorResources/S_Solver.uasset" 51
"../../../Engine/Content/EditorResources/S_Solver.uexp" 52
"../../../Engine/Content/EditorMaterials/Camera/CineMat.uasset" 53
"../../../Engine/Content/EditorMaterials/Camera/CineMat.uexp" 54
"../../../Engine/Content/EditorMaterials/Camera/MI_CineMat_Rig.uasset" 55
"../../../Engine/Content/EditorMaterials/Camera/MI_CineMat_Rig.uexp" 56
"../../../Engine/Content/EditorMeshes/Camera/SM_CraneRig_Base.ubulk" 57
"../../../Engine/Content/EditorMeshes/Camera/SM_CraneRig_Base.uasset" 58
"../../../Engine/Content/EditorMeshes/Camera/SM_CraneRig_Base.uexp" 59
"../../../Engine/Content/EditorMeshes/Camera/SM_CraneRig_Arm.ubulk" 60
"../../../Engine/Content/EditorMeshes/Camera/SM_CraneRig_Arm.uasset" 61
"../../../Engine/Content/EditorMeshes/Camera/SM_CraneRig_Arm.uexp" 62
"../../../Engine/Content/EditorMeshes/Camera/SM_CraneRig_Mount.ubulk" 63
"../../../Engine/Content/EditorMeshes/Camera/SM_CraneRig_Mount.uasset" 64
"../../../Engine/Content/EditorMeshes/Camera/SM_CraneRig_Mount.uexp" 65
"../../../Engine/Content/EditorMeshes/Camera/SM_CraneRig_Body.ubulk" 66
"../../../Engine/Content/EditorMeshes/Camera/SM_CraneRig_Body.uasset" 67
"../../../Engine/Content/EditorMeshes/Camera/SM_CraneRig_Body.uexp" 68
"../../../Engine/Content/EditorMeshes/Camera/SM_RailRig_Track.ubulk" 69
"../../../Engine/Content/EditorMeshes/Camera/SM_RailRig_Track.uasset" 70
"../../../Engine/Content/EditorMeshes/Camera/SM_RailRig_Track.uexp" 71
"../../../Engine/Content/EditorMeshes/Camera/SM_RailRig_Mount.ubulk" 72
"../../../Engine/Content/EditorMeshes/Camera/SM_RailRig_Mount.uasset" 73
"../../../Engine/Content/EditorMeshes/Camera/SM_RailRig_Mount.uexp" 74
"../../../Engine/Content/EngineMaterials/T_Default_Material_Grid_M.ubulk" 75
"../../../Engine/Content/EngineMaterials/T_Default_Material_Grid_M.uasset" 76
"../../../Engine/Content/EngineMaterials/T_Default_Material_Grid_M.uexp" 77
"../../../Engine/Content/EngineMaterials/T_Default_Material_Grid_N.ubulk" 78
"../../../Engine/Content/EngineMaterials/T_Default_Material_Grid_N.uasset" 79
"../../../Engine/Content/EngineMaterials/T_Default_Material_Grid_N.uexp" 80
"../../../Engine/Content/Functions/Engine_MaterialFunctions01/Opacity/CameraDepthFade.uasset" 81
"../../../Engine/Content/Functions/Engine_MaterialFunctions01/Opacity/CameraDepthFade.uexp" 82
"../../../Engine/Content/EngineMaterials/WorldGridMaterial.uasset" 83
"../../../Engine/Content/EngineMaterials/WorldGridMaterial.uexp" 84
"../../../Engine/Content/ArtTools/RenderToTexture/Meshes/S_1_Unit_Plane.ubulk" 85
"../../../Engine/Content/ArtTools/RenderToTexture/Meshes/S_1_Unit_Plane.uasset" 86
"../../../Engine/Content/ArtTools/RenderToTexture/Meshes/S_1_Unit_Plane.uexp" 87
"../../../Engine/Content/EditorMaterials/ParticleSystems/PSysThumbnail_NoImage.ubulk" 88
"../../../Engine/Content/EditorMaterials/ParticleSystems/PSysThumbnail_NoImage.uasset" 89
"../../../Engine/Content/EditorMaterials/ParticleSystems/PSysThumbnail_NoImage.uexp" 90
"../../../Engine/Content/EditorMaterials/ParticleSystems/PSysThumbnail_OOD.ubulk" 91
"../../../Engine/Content/EditorMaterials/ParticleSystems/PSysThumbnail_OOD.uasset" 92
"../../../Engine/Content/EditorMaterials/ParticleSystems/PSysThumbnail_OOD.uexp" 93
"../../../Engine/Content/EditorLandscapeResources/SplineEditorMeshMat.uasset" 94
"../../../Engine/Content/EditorLandscapeResources/SplineEditorMeshMat.uexp" 95
"../../../Engine/Content/EditorLandscapeResources/SplineEditorMesh.ubulk" 96
"../../../Engine/Content/EditorLandscapeResources/SplineEditorMesh.uasset" 97
"../../../Engine/Content/EditorLandscapeResources/SplineEditorMesh.uexp" 98
"../../../Engine/Plugins/Media/MediaPlate/Content/SM_MediaPlateScreen.ubulk" 99
"../../../Engine/Plugins/Media/MediaPlate/Content/SM_MediaPlateScreen.uasset" 100
"../../../Engine/Plugins/Media/MediaPlate/Content/SM_MediaPlateScreen.uexp" 101
"../../../Engine/Content/EngineMaterials/DefaultBokeh.uasset" 102
"../../../Engine/Content/EngineMaterials/DefaultBokeh.uexp" 103
"../../../Engine/Content/EngineMaterials/MiniFont.uasset" 104
"../../../Engine/Content/EngineMaterials/MiniFont.uexp" 105
"../../../Engine/Content/EngineMaterials/WeightMapPlaceholderTexture.uasset" 106
"../../../Engine/Content/EngineMaterials/WeightMapPlaceholderTexture.uexp" 107
"../../../Engine/Content/EngineMaterials/WeightMapArrayPlaceholderTexture.uasset" 108
"../../../Engine/Content/EngineMaterials/WeightMapArrayPlaceholderTexture.uexp" 109
"../../../Engine/Content/EngineMaterials/DefaultWhiteGrid.ubulk" 110
"../../../Engine/Content/EngineMaterials/DefaultWhiteGrid.uasset" 111
"../../../Engine/Content/EngineMaterials/DefaultWhiteGrid.uexp" 112
"../../../Engine/Content/EngineMaterials/PreintegratedSkinBRDF.uasset" 113
"../../../Engine/Content/EngineMaterials/PreintegratedSkinBRDF.uexp" 114
"../../../Engine/Content/Functions/Engine_MaterialFunctions02/WorldPositionOffset/CameraOffset.uasset" 115
"../../../Engine/Content/Functions/Engine_MaterialFunctions02/WorldPositionOffset/CameraOffset.uexp" 116
"../../../Engine/Plugins/Animation/ControlRig/Content/M_Manip.uasset" 117
"../../../Engine/Plugins/Animation/ControlRig/Content/M_Manip.uexp" 118
"../../../Engine/Plugins/Animation/ACLPlugin/Content/ACLAnimCurveCompressionSettings.uasset" 119
"../../../Engine/Plugins/Animation/ACLPlugin/Content/ACLAnimCurveCompressionSettings.uexp" 120
"../../../Engine/Plugins/Animation/ACLPlugin/Content/ACLAnimBoneCompressionSettings.uasset" 121
"../../../Engine/Plugins/Animation/ACLPlugin/Content/ACLAnimBoneCompressionSettings.uexp" 122
"../../../Engine/Plugins/2D/Paper2D/Content/PlaceholderTextures/DummySpriteTexture.ubulk" 123
"../../../Engine/Plugins/2D/Paper2D/Content/PlaceholderTextures/DummySpriteTexture.uasset" 124
"../../../Engine/Plugins/2D/Paper2D/Content/PlaceholderTextures/DummySpriteTexture.uexp" 125
"../../../Engine/Plugins/2D/Paper2D/Content/DefaultSpriteMaterial.uasset" 126
"../../../Engine/Plugins/2D/Paper2D/Content/DefaultSpriteMaterial.uexp" 127
"../../../Engine/Plugins/2D/Paper2D/Content/OpaqueUnlitSpriteMaterial.uasset" 128
"../../../Engine/Plugins/2D/Paper2D/Content/OpaqueUnlitSpriteMaterial.uexp" 129
"../../../Engine/Plugins/2D/Paper2D/Content/MaskedUnlitSpriteMaterial.uasset" 130
"../../../Engine/Plugins/2D/Paper2D/Content/MaskedUnlitSpriteMaterial.uexp" 131
"../../../Engine/Plugins/2D/Paper2D/Content/DummySprite.uasset" 132
"../../../Engine/Plugins/2D/Paper2D/Content/DummySprite.uexp" 133
"../../../Engine/Plugins/2D/Paper2D/Content/DefaultPaperTerrainMaterial.uasset" 134
"../../../Engine/Plugins/2D/Paper2D/Content/DefaultPaperTerrainMaterial.uexp" 135
"../../../Engine/Plugins/Runtime/MeshModelingToolset/Content/Materials/M_DynamicMeshComponentVtxColor.uasset" 136
"../../../Engine/Plugins/Runtime/MeshModelingToolset/Content/Materials/M_DynamicMeshComponentVtxColor.uexp" 137
"../../../Engine/Plugins/Interchange/Runtime/Content/Pipelines/DefaultTexturePipeline.uasset" 138
"../../../Engine/Plugins/Interchange/Runtime/Content/Pipelines/DefaultTexturePipeline.uexp" 139
"../../../Engine/Plugins/Interchange/Runtime/Content/Pipelines/DefaultSceneLevelPipeline.uasset" 140
"../../../Engine/Plugins/Interchange/Runtime/Content/Pipelines/DefaultSceneLevelPipeline.uexp" 141
"../../../Engine/Plugins/Interchange/Runtime/Content/Pipelines/DefaultSceneAssetsPipeline.uasset" 142
"../../../Engine/Plugins/Interchange/Runtime/Content/Pipelines/DefaultSceneAssetsPipeline.uexp" 143
"../../../Engine/Plugins/Interchange/Runtime/Content/Pipelines/DefaultMaterialXPipeline.uasset" 144
"../../../Engine/Plugins/Interchange/Runtime/Content/Pipelines/DefaultMaterialXPipeline.uexp" 145
"../../../Engine/Plugins/Interchange/Runtime/Content/Pipelines/DefaultMaterialPipeline.uasset" 146
"../../../Engine/Plugins/Interchange/Runtime/Content/Pipelines/DefaultMaterialPipeline.uexp" 147
"../../../Engine/Plugins/Interchange/Runtime/Content/Pipelines/DefaultGLTFSceneAssetsPipeline.uasset" 148
"../../../Engine/Plugins/Interchange/Runtime/Content/Pipelines/DefaultGLTFSceneAssetsPipeline.uexp" 149
"../../../Engine/Plugins/Interchange/Runtime/Content/Pipelines/DefaultGLTFPipeline.uasset" 150
"../../../Engine/Plugins/Interchange/Runtime/Content/Pipelines/DefaultGLTFPipeline.uexp" 151
"../../../Engine/Plugins/Interchange/Runtime/Content/Pipelines/DefaultGLTFAssetsPipeline.uasset" 152
"../../../Engine/Plugins/Interchange/Runtime/Content/Pipelines/DefaultGLTFAssetsPipeline.uexp" 153
"../../../Engine/Plugins/Interchange/Runtime/Content/Pipelines/DefaultAssetsPipeline.uasset" 154
"../../../Engine/Plugins/Interchange/Runtime/Content/Pipelines/DefaultAssetsPipeline.uexp" 155
"../../../Engine/Plugins/Interchange/Runtime/Content/Functions/MX_UsdPreviewSurface.uasset" 156
"../../../Engine/Plugins/Interchange/Runtime/Content/Functions/MX_UsdPreviewSurface.uexp" 157
"../../../Engine/Plugins/Interchange/Runtime/Content/Functions/MX_UniformEDF.uasset" 158
"../../../Engine/Plugins/Interchange/Runtime/Content/Functions/MX_UniformEDF.uexp" 159
"../../../Engine/Plugins/Interchange/Runtime/Content/Functions/MX_TranslucentBSDF.uasset" 160
"../../../Engine/Plugins/Interchange/Runtime/Content/Functions/MX_TranslucentBSDF.uexp" 161
"../../../Engine/Plugins/Interchange/Runtime/Content/Functions/MX_ThinFilmBSDF.uasset" 162
"../../../Engine/Plugins/Interchange/Runtime/Content/Functions/MX_ThinFilmBSDF.uexp" 163
"../../../Engine/Plugins/Interchange/Runtime/Content/Functions/MX_SurfaceUnlit.uasset" 164
"../../../Engine/Plugins/Interchange/Runtime/Content/Functions/MX_SurfaceUnlit.uexp" 165
"../../../Engine/Plugins/Interchange/Runtime/Content/Functions/MX_Surface.uasset" 166
"../../../Engine/Plugins/Interchange/Runtime/Content/Functions/MX_Surface.uexp" 167
"../../../Engine/Plugins/Interchange/Runtime/Content/Functions/MX_SubsurfaceBSDF.uasset" 168
"../../../Engine/Plugins/Interchange/Runtime/Content/Functions/MX_SubsurfaceBSDF.uexp" 169
"../../../Engine/Plugins/Interchange/Runtime/Content/Functions/MX_SheenBSDF.uasset" 170
"../../../Engine/Plugins/Interchange/Runtime/Content/Functions/MX_SheenBSDF.uexp" 171
"../../../Engine/Plugins/Interchange/Runtime/Content/Functions/MX_OrenNayarBSDF.uasset" 172
"../../../Engine/Plugins/Interchange/Runtime/Content/Functions/MX_OrenNayarBSDF.uexp" 173
"../../../Engine/Content/Functions/Engine_MaterialFunctions02/Utility/CameraDirectionVector.uasset" 174
"../../../Engine/Content/Functions/Engine_MaterialFunctions02/Utility/CameraDirectionVector.uexp" 175
"../../../Engine/Content/Functions/Engine_MaterialFunctions01/Volumetrics/BeersLaw.uasset" 176
"../../../Engine/Content/Functions/Engine_MaterialFunctions01/Volumetrics/BeersLaw.uexp" 177
"../../../Engine/Content/EngineMaterials/Good64x64TilingNoiseHighFreq.uasset" 178
"../../../Engine/Content/EngineMaterials/Good64x64TilingNoiseHighFreq.uexp" 179
"../../../Engine/Content/Functions/Engine_MaterialFunctions02/Texturing/ScreenAlignedPixelToPixelUVs.uasset" 180
"../../../Engine/Content/Functions/Engine_MaterialFunctions02/Texturing/ScreenAlignedPixelToPixelUVs.uexp" 181
"../../../Engine/Plugins/Interchange/Runtime/Content/gltf/MaterialFunctions/MF_Temporal_Blur.uasset" 182
"../../../Engine/Plugins/Interchange/Runtime/Content/gltf/MaterialFunctions/MF_Temporal_Blur.uexp" 183
"../../../Engine/Plugins/Interchange/Runtime/Content/gltf/MaterialFunctions/MF_Fresnel_DS.uasset" 184
"../../../Engine/Plugins/Interchange/Runtime/Content/gltf/MaterialFunctions/MF_Fresnel_DS.uexp" 185
"../../../Engine/Content/Functions/Engine_MaterialFunctions02/Utility/BreakOutFloat3Components.uasset" 186
"../../../Engine/Content/Functions/Engine_MaterialFunctions02/Utility/BreakOutFloat3Components.uexp" 187
"../../../Engine/Plugins/Interchange/Runtime/Content/Functions/MX_Transmission.uasset" 188
"../../../Engine/Plugins/Interchange/Runtime/Content/Functions/MX_Transmission.uexp" 189
"../../../Engine/Plugins/Interchange/Runtime/Content/Functions/MF_OrenNayerView.uasset" 190
"../../../Engine/Plugins/Interchange/Runtime/Content/Functions/MF_OrenNayerView.uexp" 191
"../../../Engine/Plugins/Interchange/Runtime/Content/Functions/MF_SchlickApprox.uasset" 192
"../../../Engine/Plugins/Interchange/Runtime/Content/Functions/MF_SchlickApprox.uexp" 193
"../../../Engine/Plugins/Interchange/Runtime/Content/Utilities/New_LUT.uasset" 194
"../../../Engine/Plugins/Interchange/Runtime/Content/Utilities/New_LUT.uexp" 195
"../../../Engine/Content/Functions/Engine_MaterialFunctions03/Math/RemapValueRange.uasset" 196
"../../../Engine/Content/Functions/Engine_MaterialFunctions03/Math/RemapValueRange.uexp" 197
"../../../Engine/Plugins/Interchange/Runtime/Content/Functions/MF_Iridescence.uasset" 198
"../../../Engine/Plugins/Interchange/Runtime/Content/Functions/MF_Iridescence.uexp" 199
"../../../Engine/Plugins/Interchange/Runtime/Content/Functions/MX_StandardSurface.uasset" 200
"../../../Engine/Plugins/Interchange/Runtime/Content/Functions/MX_StandardSurface.uexp" 201
"../../../Engine/Plugins/Interchange/Runtime/Content/Functions/MX_TransmissionSurface.uasset" 202
"../../../Engine/Plugins/Interchange/Runtime/Content/Functions/MX_TransmissionSurface.uexp" 203
"../../../Engine/Plugins/Interchange/Runtime/Content/Functions/MX_OpenPBR_Translucent.uasset" 204
"../../../Engine/Plugins/Interchange/Runtime/Content/Functions/MX_OpenPBR_Translucent.uexp" 205
"../../../Engine/Plugins/Interchange/Runtime/Content/Functions/MX_OpenPBR_Opaque.uasset" 206
"../../../Engine/Plugins/Interchange/Runtime/Content/Functions/MX_OpenPBR_Opaque.uexp" 207
"../../../Engine/Plugins/Interchange/Runtime/Content/Functions/MX_MeasuredEDF.uasset" 208
"../../../Engine/Plugins/Interchange/Runtime/Content/Functions/MX_MeasuredEDF.uexp" 209
"../../../Engine/Plugins/Interchange/Runtime/Content/Functions/MX_GeneralizedSchlickBSDF.uasset" 210
"../../../Engine/Plugins/Interchange/Runtime/Content/Functions/MX_GeneralizedSchlickBSDF.uexp" 211
"../../../Engine/Plugins/Interchange/Runtime/Content/Functions/MX_DielectricBSDF.uasset" 212
"../../../Engine/Plugins/Interchange/Runtime/Content/Functions/MX_DielectricBSDF.uexp" 213
"../../../Engine/Plugins/Interchange/Runtime/Content/Functions/MX_ConicalEDF.uasset" 214
"../../../Engine/Plugins/Interchange/Runtime/Content/Functions/MX_ConicalEDF.uexp" 215
"../../../Engine/Plugins/Interchange/Runtime/Content/Functions/MX_ConductorBSDF.uasset" 216
"../../../Engine/Plugins/Interchange/Runtime/Content/Functions/MX_ConductorBSDF.uexp" 217
"../../../Engine/Plugins/Interchange/Runtime/Content/Functions/MX_BurleyDiffuseBSDF.uasset" 218
"../../../Engine/Plugins/Interchange/Runtime/Content/Functions/MX_BurleyDiffuseBSDF.uexp" 219
"../../../Engine/Plugins/Interchange/Runtime/Content/Functions/MX_AnisotropicVDF.uasset" 220
"../../../Engine/Plugins/Interchange/Runtime/Content/Functions/MX_AnisotropicVDF.uexp" 221
"../../../Engine/Plugins/Interchange/Runtime/Content/Functions/MX_AbsorptionVDF.uasset" 222
"../../../Engine/Plugins/Interchange/Runtime/Content/Functions/MX_AbsorptionVDF.uexp" 223
"../../../Engine/Plugins/Editor/SpeedTreeImporter/Content/SpeedTree9/game_wind_noise.ubulk" 224
"../../../Engine/Plugins/Editor/SpeedTreeImporter/Content/SpeedTree9/game_wind_noise.uasset" 225
"../../../Engine/Plugins/Editor/SpeedTreeImporter/Content/SpeedTree9/game_wind_noise.uexp" 226
"../../../Engine/Plugins/Editor/SpeedTreeImporter/Content/SpeedTree9/UnpackDirection.uasset" 227
"../../../Engine/Plugins/Editor/SpeedTreeImporter/Content/SpeedTree9/UnpackDirection.uexp" 228
"../../../Engine/Content/Functions/Engine_MaterialFunctions02/ObjectLocalBounds.uasset" 229
"../../../Engine/Content/Functions/Engine_MaterialFunctions02/ObjectLocalBounds.uexp" 230
"../../../Engine/Content/Functions/Engine_MaterialFunctions02/UVs/BoundingBoxBased_0-1_UVW.uasset" 231
"../../../Engine/Content/Functions/Engine_MaterialFunctions02/UVs/BoundingBoxBased_0-1_UVW.uexp" 232
"../../../Engine/Content/Functions/Engine_MaterialFunctions02/Utility/VectorLength.uasset" 233
"../../../Engine/Content/Functions/Engine_MaterialFunctions02/Utility/VectorLength.uexp" 234
"../../../Engine/Plugins/Editor/SpeedTreeImporter/Content/SpeedTree9/UnpackInteger3.uasset" 235
"../../../Engine/Plugins/Editor/SpeedTreeImporter/Content/SpeedTree9/UnpackInteger3.uexp" 236
"../../../Engine/Plugins/Editor/SpeedTreeImporter/Content/SpeedTree9/SpeedTreeCameraFacing.uasset" 237
"../../../Engine/Plugins/Editor/SpeedTreeImporter/Content/SpeedTree9/SpeedTreeCameraFacing.uexp" 238
"../../../Engine/Content/Functions/Engine_MaterialFunctions02/WorldPositionOffset/ObjectScale.uasset" 239
"../../../Engine/Content/Functions/Engine_MaterialFunctions02/WorldPositionOffset/ObjectScale.uexp" 240
"../../../Engine/Content/Functions/Engine_MaterialFunctions02/SafeNormalize.uasset" 241
"../../../Engine/Content/Functions/Engine_MaterialFunctions02/SafeNormalize.uexp" 242
"../../../Engine/Plugins/Editor/SpeedTreeImporter/Content/SpeedTree9/SpeedTreeWindMotion.uasset" 243
"../../../Engine/Plugins/Editor/SpeedTreeImporter/Content/SpeedTree9/SpeedTreeWindMotion.uexp" 244
"../../../Engine/Plugins/Editor/SpeedTreeImporter/Content/SpeedTree9/SpeedTreeBranchMotion.uasset" 245
"../../../Engine/Plugins/Editor/SpeedTreeImporter/Content/SpeedTree9/SpeedTreeBranchMotion.uexp" 246
"../../../Engine/Plugins/Editor/SpeedTreeImporter/Content/SpeedTree9/SpeedTreeWind.uasset" 247
"../../../Engine/Plugins/Editor/SpeedTreeImporter/Content/SpeedTree9/SpeedTreeWind.uexp" 248
"../../../Engine/Plugins/Editor/SpeedTreeImporter/Content/SpeedTree9/EmptyNormal.uasset" 249
"../../../Engine/Plugins/Editor/SpeedTreeImporter/Content/SpeedTree9/EmptyNormal.uexp" 250
"../../../Engine/Plugins/Editor/SpeedTreeImporter/Content/SpeedTree9/Empty.uasset" 251
"../../../Engine/Plugins/Editor/SpeedTreeImporter/Content/SpeedTree9/Empty.uexp" 252
"../../../Engine/Plugins/Editor/SpeedTreeImporter/Content/SpeedTree9/SpeedTreeMaster.uasset" 253
"../../../Engine/Plugins/Editor/SpeedTreeImporter/Content/SpeedTree9/SpeedTreeMaster.uexp" 254
"../../../Engine/Plugins/Editor/SpeedTreeImporter/Content/SpeedTree9/SpeedTreeBillboard.uasset" 255
"../../../Engine/Plugins/Editor/SpeedTreeImporter/Content/SpeedTree9/SpeedTreeBillboard.uexp" 256
"../../../Engine/Plugins/Editor/SpeedTreeImporter/Content/SpeedTree9/SpeedTreeBillboardMaster.uasset" 257
"../../../Engine/Plugins/Editor/SpeedTreeImporter/Content/SpeedTree9/SpeedTreeBillboardMaster.uexp" 258
"../../../Engine/Plugins/Animation/ControlRig/Content/Controls/DefaultGizmoLibraryNormalized.uasset" 259
"../../../Engine/Plugins/Animation/ControlRig/Content/Controls/DefaultGizmoLibraryNormalized.uexp" 260
"../../../Engine/Plugins/Animation/ControlRig/Content/Controls/ControlRig_Wedge_solid.ubulk" 261
"../../../Engine/Plugins/Animation/ControlRig/Content/Controls/ControlRig_Wedge_solid.uasset" 262
"../../../Engine/Plugins/Animation/ControlRig/Content/Controls/ControlRig_Wedge_solid.uexp" 263
"../../../Engine/Plugins/Animation/ControlRig/Content/Controls/ControlRig_Wedge_3mm.ubulk" 264
"../../../Engine/Plugins/Animation/ControlRig/Content/Controls/ControlRig_Wedge_3mm.uasset" 265
"../../../Engine/Plugins/Animation/ControlRig/Content/Controls/ControlRig_Wedge_3mm.uexp" 266
"../../../Engine/Plugins/Animation/ControlRig/Content/Controls/ControlRig_Wedge_1mm.ubulk" 267
"../../../Engine/Plugins/Animation/ControlRig/Content/Controls/ControlRig_Wedge_1mm.uasset" 268
"../../../Engine/Plugins/Animation/ControlRig/Content/Controls/ControlRig_Wedge_1mm.uexp" 269
"../../../Engine/Plugins/Animation/ControlRig/Content/Controls/ControlRig_Triangle_solid.ubulk" 270
"../../../Engine/Plugins/Animation/ControlRig/Content/Controls/ControlRig_Triangle_solid.uasset" 271
"../../../Engine/Plugins/Animation/ControlRig/Content/Controls/ControlRig_Triangle_solid.uexp" 272
"../../../Engine/Plugins/Animation/ControlRig/Content/Controls/ControlRig_Triangle_3mm.ubulk" 273
"../../../Engine/Plugins/Animation/ControlRig/Content/Controls/ControlRig_Triangle_3mm.uasset" 274
"../../../Engine/Plugins/Animation/ControlRig/Content/Controls/ControlRig_Triangle_3mm.uexp" 275
"../../../Engine/Plugins/Animation/ControlRig/Content/Controls/ControlRig_Triangle_1mm.ubulk" 276
"../../../Engine/Plugins/Animation/ControlRig/Content/Controls/ControlRig_Triangle_1mm.uasset" 277
"../../../Engine/Plugins/Animation/ControlRig/Content/Controls/ControlRig_Triangle_1mm.uexp" 278
"../../../Engine/Plugins/Animation/ControlRig/Content/Controls/ControlRig_Star4_solid.ubulk" 279
"../../../Engine/Plugins/Animation/ControlRig/Content/Controls/ControlRig_Star4_solid.uasset" 280
"../../../Engine/Plugins/Animation/ControlRig/Content/Controls/ControlRig_Star4_solid.uexp" 281
"../../../Engine/Plugins/Animation/ControlRig/Content/Controls/ControlRig_Star4_3mm.ubulk" 282
"../../../Engine/Plugins/Animation/ControlRig/Content/Controls/ControlRig_Star4_3mm.uasset" 283
"../../../Engine/Plugins/Animation/ControlRig/Content/Controls/ControlRig_Star4_3mm.uexp" 284
"../../../Engine/Plugins/Animation/ControlRig/Content/Controls/ControlRig_Star4_1mm.ubulk" 285
"../../../Engine/Plugins/Animation/ControlRig/Content/Controls/ControlRig_Star4_1mm.uasset" 286
"../../../Engine/Plugins/Animation/ControlRig/Content/Controls/ControlRig_Star4_1mm.uexp" 287
"../../../Engine/Plugins/Animation/ControlRig/Content/Controls/ControlRig_Square_solid.ubulk" 288
"../../../Engine/Plugins/Animation/ControlRig/Content/Controls/ControlRig_Square_solid.uasset" 289
"../../../Engine/Plugins/Animation/ControlRig/Content/Controls/ControlRig_Square_solid.uexp" 290
"../../../Engine/Plugins/Animation/ControlRig/Content/Controls/ControlRig_Square_3mm.ubulk" 291
"../../../Engine/Plugins/Animation/ControlRig/Content/Controls/ControlRig_Square_3mm.uasset" 292
"../../../Engine/Plugins/Animation/ControlRig/Content/Controls/ControlRig_Square_3mm.uexp" 293
"../../../Engine/Plugins/Animation/ControlRig/Content/Controls/ControlRig_Square_1mm.ubulk" 294
"../../../Engine/Plugins/Animation/ControlRig/Content/Controls/ControlRig_Square_1mm.uasset" 295
"../../../Engine/Plugins/Animation/ControlRig/Content/Controls/ControlRig_Square_1mm.uexp" 296
"../../../Engine/Plugins/Animation/ControlRig/Content/Controls/ControlRig_Sphere_solid.ubulk" 297
"../../../Engine/Plugins/Animation/ControlRig/Content/Controls/ControlRig_Sphere_solid.uasset" 298
"../../../Engine/Plugins/Animation/ControlRig/Content/Controls/ControlRig_Sphere_solid.uexp" 299
"../../../Engine/Plugins/Animation/ControlRig/Content/Controls/ControlRig_Sphere_3mm.ubulk" 300
"../../../Engine/Plugins/Animation/ControlRig/Content/Controls/ControlRig_Sphere_3mm.uasset" 301
"../../../Engine/Plugins/Animation/ControlRig/Content/Controls/ControlRig_Sphere_3mm.uexp" 302
"../../../Engine/Plugins/Animation/ControlRig/Content/Controls/ControlRig_Sphere_1mm.ubulk" 303
"../../../Engine/Plugins/Animation/ControlRig/Content/Controls/ControlRig_Sphere_1mm.uasset" 304
"../../../Engine/Plugins/Animation/ControlRig/Content/Controls/ControlRig_Sphere_1mm.uexp" 305
"../../../Engine/Plugins/Animation/ControlRig/Content/Controls/ControlRig_RoundedTriangle_solid.ubulk" 306
"../../../Engine/Plugins/Animation/ControlRig/Content/Controls/ControlRig_RoundedTriangle_solid.uasset" 307
"../../../Engine/Plugins/Animation/ControlRig/Content/Controls/ControlRig_RoundedTriangle_solid.uexp" 308
"../../../Engine/Plugins/Animation/ControlRig/Content/Controls/ControlRig_RoundedTriangle_3mm.ubulk" 309
"../../../Engine/Plugins/Animation/ControlRig/Content/Controls/ControlRig_RoundedTriangle_3mm.uasset" 310
"../../../Engine/Plugins/Animation/ControlRig/Content/Controls/ControlRig_RoundedTriangle_3mm.uexp" 311
"../../../Engine/Plugins/Animation/ControlRig/Content/Controls/ControlRig_RoundedTriangle_1mm.ubulk" 312
"../../../Engine/Plugins/Animation/ControlRig/Content/Controls/ControlRig_RoundedTriangle_1mm.uasset" 313
"../../../Engine/Plugins/Animation/ControlRig/Content/Controls/ControlRig_RoundedTriangle_1mm.uexp" 314
"../../../Engine/Plugins/Animation/ControlRig/Content/Controls/ControlRig_RoundedSquare_solid.ubulk" 315
"../../../Engine/Plugins/Animation/ControlRig/Content/Controls/ControlRig_RoundedSquare_solid.uasset" 316
"../../../Engine/Plugins/Animation/ControlRig/Content/Controls/ControlRig_RoundedSquare_solid.uexp" 317
"../../../Engine/Plugins/Animation/ControlRig/Content/Controls/ControlRig_RoundedSquare_3mm.ubulk" 318
"../../../Engine/Plugins/Animation/ControlRig/Content/Controls/ControlRig_RoundedSquare_3mm.uasset" 319
"../../../Engine/Plugins/Animation/ControlRig/Content/Controls/ControlRig_RoundedSquare_3mm.uexp" 320
"../../../Engine/Plugins/Animation/ControlRig/Content/Controls/ControlRig_RoundedSquare_1mm.ubulk" 321
"../../../Engine/Plugins/Animation/ControlRig/Content/Controls/ControlRig_RoundedSquare_1mm.uasset" 322
"../../../Engine/Plugins/Animation/ControlRig/Content/Controls/ControlRig_RoundedSquare_1mm.uexp" 323
"../../../Engine/Plugins/Animation/ControlRig/Content/Controls/ControlRig_QuarterCircle_solid.ubulk" 324
"../../../Engine/Plugins/Animation/ControlRig/Content/Controls/ControlRig_QuarterCircle_solid.uasset" 325
"../../../Engine/Plugins/Animation/ControlRig/Content/Controls/ControlRig_QuarterCircle_solid.uexp" 326
"../../../Engine/Plugins/Animation/ControlRig/Content/Controls/ControlRig_QuarterCircle_3mm.ubulk" 327
"../../../Engine/Plugins/Animation/ControlRig/Content/Controls/ControlRig_QuarterCircle_3mm.uasset" 328
"../../../Engine/Plugins/Animation/ControlRig/Content/Controls/ControlRig_QuarterCircle_3mm.uexp" 329
"../../../Engine/Plugins/Animation/ControlRig/Content/Controls/ControlRig_QuarterCircle_1mm.ubulk" 330
"../../../Engine/Plugins/Animation/ControlRig/Content/Controls/ControlRig_QuarterCircle_1mm.uasset" 331
"../../../Engine/Plugins/Animation/ControlRig/Content/Controls/ControlRig_QuarterCircle_1mm.uexp" 332
"../../../Engine/Plugins/Animation/ControlRig/Content/Controls/ControlRig_Pyramid_solid.ubulk" 333
"../../../Engine/Plugins/Animation/ControlRig/Content/Controls/ControlRig_Pyramid_solid.uasset" 334
"../../../Engine/Plugins/Animation/ControlRig/Content/Controls/ControlRig_Pyramid_solid.uexp" 335
"../../../Engine/Plugins/Animation/ControlRig/Content/Controls/ControlRig_Pyramid_3mm.ubulk" 336
"../../../Engine/Plugins/Animation/ControlRig/Content/Controls/ControlRig_Pyramid_3mm.uasset" 337
"../../../Engine/Plugins/Animation/ControlRig/Content/Controls/ControlRig_Pyramid_3mm.uexp" 338
"../../../Engine/Plugins/Animation/ControlRig/Content/Controls/ControlRig_Pyramid_1mm.ubulk" 339
"../../../Engine/Plugins/Animation/ControlRig/Content/Controls/ControlRig_Pyramid_1mm.uasset" 340
"../../../Engine/Plugins/Animation/ControlRig/Content/Controls/ControlRig_Pyramid_1mm.uexp" 341
"../../../Engine/Plugins/Animation/ControlRig/Content/Controls/ControlRig_Octagon_solid.ubulk" 342
"../../../Engine/Plugins/Animation/ControlRig/Content/Controls/ControlRig_Octagon_solid.uasset" 343
"../../../Engine/Plugins/Animation/ControlRig/Content/Controls/ControlRig_Octagon_solid.uexp" 344
"../../../Engine/Plugins/Animation/ControlRig/Content/Controls/ControlRig_Octagon_3mm.ubulk" 345
"../../../Engine/Plugins/Animation/ControlRig/Content/Controls/ControlRig_Octagon_3mm.uasset" 346
"../../../Engine/Plugins/Animation/ControlRig/Content/Controls/ControlRig_Octagon_3mm.uexp" 347
"../../../Engine/Plugins/Animation/ControlRig/Content/Controls/ControlRig_Octagon_1mm.ubulk" 348
"../../../Engine/Plugins/Animation/ControlRig/Content/Controls/ControlRig_Octagon_1mm.uasset" 349
"../../../Engine/Plugins/Animation/ControlRig/Content/Controls/ControlRig_Octagon_1mm.uexp" 350
"../../../Engine/Plugins/Animation/ControlRig/Content/Controls/ControlRig_Hexagon_solid.ubulk" 351
"../../../Engine/Plugins/Animation/ControlRig/Content/Controls/ControlRig_Hexagon_solid.uasset" 352
"../../../Engine/Plugins/Animation/ControlRig/Content/Controls/ControlRig_Hexagon_solid.uexp" 353
"../../../Engine/Plugins/Animation/ControlRig/Content/Controls/ControlRig_Hexagon_3mm.ubulk" 354
"../../../Engine/Plugins/Animation/ControlRig/Content/Controls/ControlRig_Hexagon_3mm.uasset" 355
"../../../Engine/Plugins/Animation/ControlRig/Content/Controls/ControlRig_Hexagon_3mm.uexp" 356
"../../../Engine/Plugins/Animation/ControlRig/Content/Controls/ControlRig_Hexagon_1mm.ubulk" 357
"../../../Engine/Plugins/Animation/ControlRig/Content/Controls/ControlRig_Hexagon_1mm.uasset" 358
"../../../Engine/Plugins/Animation/ControlRig/Content/Controls/ControlRig_Hexagon_1mm.uexp" 359
"../../../Engine/Plugins/Animation/ControlRig/Content/Controls/ControlRig_HalfCircle_solid.ubulk" 360
"../../../Engine/Plugins/Animation/ControlRig/Content/Controls/ControlRig_HalfCircle_solid.uasset" 361
"../../../Engine/Plugins/Animation/ControlRig/Content/Controls/ControlRig_HalfCircle_solid.uexp" 362
"../../../Engine/Plugins/Animation/ControlRig/Content/Controls/ControlRig_HalfCircle_3mm.ubulk" 363
"../../../Engine/Plugins/Animation/ControlRig/Content/Controls/ControlRig_HalfCircle_3mm.uasset" 364
"../../../Engine/Plugins/Animation/ControlRig/Content/Controls/ControlRig_HalfCircle_3mm.uexp" 365
"../../../Engine/Plugins/Animation/ControlRig/Content/Controls/ControlRig_HalfCircle_1mm.ubulk" 366
"../../../Engine/Plugins/Animation/ControlRig/Content/Controls/ControlRig_HalfCircle_1mm.uasset" 367
"../../../Engine/Plugins/Animation/ControlRig/Content/Controls/ControlRig_HalfCircle_1mm.uexp" 368
"../../../Engine/Plugins/Animation/ControlRig/Content/Controls/ControlRig_Diamond_solid.ubulk" 369
"../../../Engine/Plugins/Animation/ControlRig/Content/Controls/ControlRig_Diamond_solid.uasset" 370
"../../../Engine/Plugins/Animation/ControlRig/Content/Controls/ControlRig_Diamond_solid.uexp" 371
"../../../Engine/Plugins/Animation/ControlRig/Content/Controls/ControlRig_Diamond_3mm.ubulk" 372
"../../../Engine/Plugins/Animation/ControlRig/Content/Controls/ControlRig_Diamond_3mm.uasset" 373
"../../../Engine/Plugins/Animation/ControlRig/Content/Controls/ControlRig_Diamond_3mm.uexp" 374
"../../../Engine/Plugins/Animation/ControlRig/Content/Controls/ControlRig_Diamond_1mm.ubulk" 375
"../../../Engine/Plugins/Animation/ControlRig/Content/Controls/ControlRig_Diamond_1mm.uasset" 376
"../../../Engine/Plugins/Animation/ControlRig/Content/Controls/ControlRig_Diamond_1mm.uexp" 377
"../../../Engine/Plugins/Animation/ControlRig/Content/Controls/ControlRig_Circle_solid.ubulk" 378
"../../../Engine/Plugins/Animation/ControlRig/Content/Controls/ControlRig_Circle_solid.uasset" 379
"../../../Engine/Plugins/Animation/ControlRig/Content/Controls/ControlRig_Circle_solid.uexp" 380
"../../../Engine/Plugins/Animation/ControlRig/Content/Controls/ControlRig_Circle_3mm.ubulk" 381
"../../../Engine/Plugins/Animation/ControlRig/Content/Controls/ControlRig_Circle_3mm.uasset" 382
"../../../Engine/Plugins/Animation/ControlRig/Content/Controls/ControlRig_Circle_3mm.uexp" 383
"../../../Engine/Plugins/Animation/ControlRig/Content/Controls/ControlRig_Circle_1mm.ubulk" 384
"../../../Engine/Plugins/Animation/ControlRig/Content/Controls/ControlRig_Circle_1mm.uasset" 385
"../../../Engine/Plugins/Animation/ControlRig/Content/Controls/ControlRig_Circle_1mm.uexp" 386
"../../../Engine/Plugins/Animation/ControlRig/Content/Controls/ControlRig_Box_solid.ubulk" 387
"../../../Engine/Plugins/Animation/ControlRig/Content/Controls/ControlRig_Box_solid.uasset" 388
"../../../Engine/Plugins/Animation/ControlRig/Content/Controls/ControlRig_Box_solid.uexp" 389
"../../../Engine/Plugins/Animation/ControlRig/Content/Controls/ControlRig_Box_3mm.ubulk" 390
"../../../Engine/Plugins/Animation/ControlRig/Content/Controls/ControlRig_Box_3mm.uasset" 391
"../../../Engine/Plugins/Animation/ControlRig/Content/Controls/ControlRig_Box_3mm.uexp" 392
"../../../Engine/Plugins/Animation/ControlRig/Content/Controls/ControlRig_Box_1mm.ubulk" 393
"../../../Engine/Plugins/Animation/ControlRig/Content/Controls/ControlRig_Box_1mm.uasset" 394
"../../../Engine/Plugins/Animation/ControlRig/Content/Controls/ControlRig_Box_1mm.uexp" 395
"../../../Engine/Plugins/Animation/ControlRig/Content/Controls/ControlRig_Arrow_solid.ubulk" 396
"../../../Engine/Plugins/Animation/ControlRig/Content/Controls/ControlRig_Arrow_solid.uasset" 397
"../../../Engine/Plugins/Animation/ControlRig/Content/Controls/ControlRig_Arrow_solid.uexp" 398
"../../../Engine/Plugins/Animation/ControlRig/Content/Controls/ControlRig_Arrow_3mm.ubulk" 399
"../../../Engine/Plugins/Animation/ControlRig/Content/Controls/ControlRig_Arrow_3mm.uasset" 400
"../../../Engine/Plugins/Animation/ControlRig/Content/Controls/ControlRig_Arrow_3mm.uexp" 401
"../../../Engine/Plugins/Animation/ControlRig/Content/Controls/ControlRig_Arrow_1mm.ubulk" 402
"../../../Engine/Plugins/Animation/ControlRig/Content/Controls/ControlRig_Arrow_1mm.uasset" 403
"../../../Engine/Plugins/Animation/ControlRig/Content/Controls/ControlRig_Arrow_1mm.uexp" 404
"../../../Engine/Plugins/Animation/ControlRig/Content/Controls/ControlRig_Arrow4_solid.ubulk" 405
"../../../Engine/Plugins/Animation/ControlRig/Content/Controls/ControlRig_Arrow4_solid.uasset" 406
"../../../Engine/Plugins/Animation/ControlRig/Content/Controls/ControlRig_Arrow4_solid.uexp" 407
"../../../Engine/Plugins/Animation/ControlRig/Content/Controls/ControlRig_Arrow4_3mm.ubulk" 408
"../../../Engine/Plugins/Animation/ControlRig/Content/Controls/ControlRig_Arrow4_3mm.uasset" 409
"../../../Engine/Plugins/Animation/ControlRig/Content/Controls/ControlRig_Arrow4_3mm.uexp" 410
"../../../Engine/Plugins/Animation/ControlRig/Content/Controls/ControlRig_Arrow4_1mm.ubulk" 411
"../../../Engine/Plugins/Animation/ControlRig/Content/Controls/ControlRig_Arrow4_1mm.uasset" 412
"../../../Engine/Plugins/Animation/ControlRig/Content/Controls/ControlRig_Arrow4_1mm.uexp" 413
"../../../Engine/Plugins/Animation/ControlRig/Content/Controls/ControlRig_Arrow2_solid.ubulk" 414
"../../../Engine/Plugins/Animation/ControlRig/Content/Controls/ControlRig_Arrow2_solid.uasset" 415
"../../../Engine/Plugins/Animation/ControlRig/Content/Controls/ControlRig_Arrow2_solid.uexp" 416
"../../../Engine/Plugins/Animation/ControlRig/Content/Controls/ControlRig_Arrow2_3mm.ubulk" 417
"../../../Engine/Plugins/Animation/ControlRig/Content/Controls/ControlRig_Arrow2_3mm.uasset" 418
"../../../Engine/Plugins/Animation/ControlRig/Content/Controls/ControlRig_Arrow2_3mm.uexp" 419
"../../../Engine/Plugins/Animation/ControlRig/Content/Controls/ControlRig_Arrow2_1mm.ubulk" 420
"../../../Engine/Plugins/Animation/ControlRig/Content/Controls/ControlRig_Arrow2_1mm.uasset" 421
"../../../Engine/Plugins/Animation/ControlRig/Content/Controls/ControlRig_Arrow2_1mm.uexp" 422
"../../../Engine/Plugins/Animation/ControlRig/Content/Controls/ControlRigXRayMaterial.uasset" 423
"../../../Engine/Plugins/Animation/ControlRig/Content/Controls/ControlRigXRayMaterial.uexp" 424
"../../../Engine/Plugins/Animation/ControlRig/Content/Controls/ControlRigGizmoMaterial.uasset" 425
"../../../Engine/Plugins/Animation/ControlRig/Content/Controls/ControlRigGizmoMaterial.uexp" 426
"../../../Engine/Content/VREditor/TransformGizmo/StartRotationHandleIndicator.ubulk" 427
"../../../Engine/Content/VREditor/TransformGizmo/StartRotationHandleIndicator.uasset" 428
"../../../Engine/Content/VREditor/TransformGizmo/StartRotationHandleIndicator.uexp" 429
"../../../Engine/Content/VREditor/Sounds/UI/Drop_Item_From_ContentBrowser.ubulk" 430
"../../../Engine/Content/VREditor/Sounds/UI/Drop_Item_From_ContentBrowser.uasset" 431
"../../../Engine/Content/VREditor/Sounds/UI/Drop_Item_From_ContentBrowser.uexp" 432
"../../../Engine/Content/VREditor/TransformGizmo/PlaneTranslationHandle.ubulk" 433
"../../../Engine/Content/VREditor/TransformGizmo/PlaneTranslationHandle.uasset" 434
"../../../Engine/Content/VREditor/TransformGizmo/PlaneTranslationHandle.uexp" 435
"../../../Engine/Content/VREditor/Sounds/UI/Object_Snaps_To_Grid.ubulk" 436
"../../../Engine/Content/VREditor/Sounds/UI/Object_Snaps_To_Grid.uasset" 437
"../../../Engine/Content/VREditor/Sounds/UI/Object_Snaps_To_Grid.uexp" 438
"../../../Engine/Content/VREditor/Sounds/UI/Selection_Changes.ubulk" 439
"../../../Engine/Content/VREditor/Sounds/UI/Selection_Changes.uasset" 440
"../../../Engine/Content/VREditor/Sounds/UI/Selection_Changes.uexp" 441
"../../../Engine/Content/VREditor/Sounds/UI/Object_Snaps_To_Another_Actor.ubulk" 442
"../../../Engine/Content/VREditor/Sounds/UI/Object_Snaps_To_Another_Actor.uasset" 443
"../../../Engine/Content/VREditor/Sounds/UI/Object_Snaps_To_Another_Actor.uexp" 444
"../../../Engine/Content/VREditor/TransformGizmo/TranslucentTransformGizmoMaterial_Inst.uasset" 445
"../../../Engine/Content/VREditor/TransformGizmo/TranslucentTransformGizmoMaterial_Inst.uexp" 446
"../../../Engine/Content/VREditor/TransformGizmo/TransformGizmoFreeRotation.ubulk" 447
"../../../Engine/Content/VREditor/TransformGizmo/TransformGizmoFreeRotation.uasset" 448
"../../../Engine/Content/VREditor/TransformGizmo/TransformGizmoFreeRotation.uexp" 449
"../../../Engine/Content/VREditor/Sounds/UI/Scaling_Down.ubulk" 450
"../../../Engine/Content/VREditor/Sounds/UI/Scaling_Down.uasset" 451
"../../../Engine/Content/VREditor/Sounds/UI/Scaling_Down.uexp" 452
"../../../Engine/Content/Functions/Engine_MaterialFunctions02/Math/Transform3x3Matrix.uasset" 453
"../../../Engine/Content/Functions/Engine_MaterialFunctions02/Math/Transform3x3Matrix.uexp" 454
"../../../Engine/Content/Functions/Engine_MaterialFunctions02/SplitComponents.uasset" 455
"../../../Engine/Content/Functions/Engine_MaterialFunctions02/SplitComponents.uexp" 456
"../../../Engine/Content/Functions/Engine_MaterialFunctions02/Utility/MakeFloat3.uasset" 457
"../../../Engine/Content/Functions/Engine_MaterialFunctions02/Utility/MakeFloat3.uexp" 458
"../../../Engine/Content/VREditor/SnapGrid/SnapGridMaterial.uasset" 459
"../../../Engine/Content/VREditor/SnapGrid/SnapGridMaterial.uexp" 460
"../../../Engine/Content/VREditor/SnapGrid/SnapGridPlaneMesh.ubulk" 461
"../../../Engine/Content/VREditor/SnapGrid/SnapGridPlaneMesh.uasset" 462
"../../../Engine/Content/VREditor/SnapGrid/SnapGridPlaneMesh.uexp" 463
"../../../Engine/Content/VREditor/Sounds/UI/Scaling_Up.ubulk" 464
"../../../Engine/Content/VREditor/Sounds/UI/Scaling_Up.uasset" 465
"../../../Engine/Content/VREditor/Sounds/UI/Scaling_Up.uexp" 466
"../../../Engine/Content/VREditor/TransformGizmo/TransformGizmoMaterial_Inst.uasset" 467
"../../../Engine/Content/VREditor/TransformGizmo/TransformGizmoMaterial_Inst.uexp" 468
"../../../Engine/Content/VREditor/Sounds/UI/Gizmo_Handle_Clicked.ubulk" 469
"../../../Engine/Content/VREditor/Sounds/UI/Gizmo_Handle_Clicked.uasset" 470
"../../../Engine/Content/VREditor/Sounds/UI/Gizmo_Handle_Clicked.uexp" 471
"../../../Engine/Content/VREditor/TransformGizmo/RotationHandleQuarter.ubulk" 472
"../../../Engine/Content/VREditor/TransformGizmo/RotationHandleQuarter.uasset" 473
"../../../Engine/Content/VREditor/TransformGizmo/RotationHandleQuarter.uexp" 474
"../../../Engine/Content/VREditor/TransformGizmo/TranslateArrowHandle.ubulk" 475
"../../../Engine/Content/VREditor/TransformGizmo/TranslateArrowHandle.uasset" 476
"../../../Engine/Content/VREditor/TransformGizmo/TranslateArrowHandle.uexp" 477
"../../../Engine/Content/VREditor/TransformGizmo/RotationHandleIndicator.ubulk" 478
"../../../Engine/Content/VREditor/TransformGizmo/RotationHandleIndicator.uasset" 479
"../../../Engine/Content/VREditor/TransformGizmo/RotationHandleIndicator.uexp" 480
"../../../Engine/Content/VREditor/TransformGizmo/UniformScaleHandle.ubulk" 481
"../../../Engine/Content/VREditor/TransformGizmo/UniformScaleHandle.uasset" 482
"../../../Engine/Content/VREditor/TransformGizmo/UniformScaleHandle.uexp" 483
"../../../Engine/Content/VREditor/TransformGizmo/RotationHandleFull.ubulk" 484
"../../../Engine/Content/VREditor/TransformGizmo/RotationHandleFull.uasset" 485
"../../../Engine/Content/VREditor/TransformGizmo/RotationHandleFull.uexp" 486
"../../../Engine/Content/VREditor/Sounds/UI/Object_PickUp.ubulk" 487
"../../../Engine/Content/VREditor/Sounds/UI/Object_PickUp.uasset" 488
"../../../Engine/Content/VREditor/Sounds/UI/Object_PickUp.uexp" 489
"../../../Engine/Content/EngineSounds/Master.uasset" 490
"../../../Engine/Content/EngineSounds/Master.uexp" 491
"../../../Engine/Content/EngineResources/WhiteSquareTexture.uasset" 492
"../../../Engine/Content/EngineResources/WhiteSquareTexture.uexp" 493
"../../../Engine/Content/EngineMaterials/Widget3DPassThrough.uasset" 494
"../../../Engine/Content/EngineMaterials/Widget3DPassThrough.uexp" 495
"../../../Engine/Content/EngineMaterials/Widget3DPassThrough_Translucent.uasset" 496
"../../../Engine/Content/EngineMaterials/Widget3DPassThrough_Translucent.uexp" 497
"../../../Engine/Content/EngineMaterials/Widget3DPassThrough_Translucent_OneSided.uasset" 498
"../../../Engine/Content/EngineMaterials/Widget3DPassThrough_Translucent_OneSided.uexp" 499
"../../../Engine/Content/EngineMaterials/Widget3DPassThrough_Opaque.uasset" 500
"../../../Engine/Content/EngineMaterials/Widget3DPassThrough_Opaque.uexp" 501
"../../../Engine/Content/EngineMaterials/Widget3DPassThrough_Opaque_OneSided.uasset" 502
"../../../Engine/Content/EngineMaterials/Widget3DPassThrough_Opaque_OneSided.uexp" 503
"../../../Engine/Content/EngineMaterials/Widget3DPassThrough_Masked_OneSided.uasset" 504
"../../../Engine/Content/EngineMaterials/Widget3DPassThrough_Masked_OneSided.uexp" 505
"../../../Engine/Content/EngineMaterials/Widget3DPassThrough_Masked.uasset" 506
"../../../Engine/Content/EngineMaterials/Widget3DPassThrough_Masked.uexp" 507
"../../../Engine/Content/EngineMaterials/STBlueNoise_vec2_128x128x64.uasset" 508
"../../../Engine/Content/EngineMaterials/STBlueNoise_vec2_128x128x64.uexp" 509
"../../../Engine/Content/EngineMaterials/STBlueNoise_scalar_128x128x64.uasset" 510
"../../../Engine/Content/EngineMaterials/STBlueNoise_scalar_128x128x64.uexp" 511
"../../../Engine/Content/EngineMaterials/RemoveSurfaceMaterial.uasset" 512
"../../../Engine/Content/EngineMaterials/RemoveSurfaceMaterial.uexp" 513
"../../../Engine/Content/EngineMaterials/DefaultCalibrationGrayscale.uasset" 514
"../../../Engine/Content/EngineMaterials/DefaultCalibrationGrayscale.uexp" 515
"../../../Engine/Content/EngineMaterials/PPM_DefaultCalibrationGrayscale.uasset" 516
"../../../Engine/Content/EngineMaterials/PPM_DefaultCalibrationGrayscale.uexp" 517
"../../../Engine/Content/EngineMaterials/DefaultCalibrationColor.uasset" 518
"../../../Engine/Content/EngineMaterials/DefaultCalibrationColor.uexp" 519
"../../../Engine/Content/EngineMaterials/PPM_DefaultCalibrationColor.uasset" 520
"../../../Engine/Content/EngineMaterials/PPM_DefaultCalibrationColor.uexp" 521
"../../../Engine/Content/EngineMaterials/PhAT_JointLimitMaterial.uasset" 522
"../../../Engine/Content/EngineMaterials/PhAT_JointLimitMaterial.uexp" 523
"../../../Engine/Content/EngineMaterials/NaniteHiddenSectionMaterial.uasset" 524
"../../../Engine/Content/EngineMaterials/NaniteHiddenSectionMaterial.uexp" 525
"../../../Engine/Content/EngineMaterials/InvalidLightmapSettings.ubulk" 526
"../../../Engine/Content/EngineMaterials/InvalidLightmapSettings.uasset" 527
"../../../Engine/Content/EngineMaterials/InvalidLightmapSettings.uexp" 528
"../../../Engine/Content/EngineMaterials/M_InvalidLightmapSettings.uasset" 529
"../../../Engine/Content/EngineMaterials/M_InvalidLightmapSettings.uexp" 530
"../../../Engine/Content/EngineMaterials/GizmoMaterial.uasset" 531
"../../../Engine/Content/EngineMaterials/GizmoMaterial.uexp" 532
"../../../Engine/Content/EngineMaterials/BaseFlattenEmissiveMap_VT.uasset" 533
"../../../Engine/Content/EngineMaterials/BaseFlattenEmissiveMap_VT.uexp" 534
"../../../Engine/Content/EngineMaterials/BaseFlattenGrayscaleMap_VT.uasset" 535
"../../../Engine/Content/EngineMaterials/BaseFlattenGrayscaleMap_VT.uexp" 536
"../../../Engine/Content/EngineMaterials/BaseFlattenLinearColor_VT.uasset" 537
"../../../Engine/Content/EngineMaterials/BaseFlattenLinearColor_VT.uexp" 538
"../../../Engine/Content/EngineMaterials/Black_1x1_EXR_Texture_VT.uasset" 539
"../../../Engine/Content/EngineMaterials/Black_1x1_EXR_Texture_VT.uexp" 540
"../../../Engine/Content/EngineMaterials/BaseFlattenDiffuseMap_VT.uasset" 541
"../../../Engine/Content/EngineMaterials/BaseFlattenDiffuseMap_VT.uexp" 542
"../../../Engine/Content/EngineMaterials/BaseFlattenNormalMap_VT.uasset" 543
"../../../Engine/Content/EngineMaterials/BaseFlattenNormalMap_VT.uexp" 544
"../../../Engine/Content/EngineMaterials/FlattenMaterial_WS_Normal_VT.uasset" 545
"../../../Engine/Content/EngineMaterials/FlattenMaterial_WS_Normal_VT.uexp" 546
"../../../Engine/Content/EngineMaterials/FlattenMaterial_VT.uasset" 547
"../../../Engine/Content/EngineMaterials/FlattenMaterial_VT.uexp" 548
"../../../Engine/Content/EngineMaterials/BaseFlattenNormalMap.uasset" 549
"../../../Engine/Content/EngineMaterials/BaseFlattenNormalMap.uexp" 550
"../../../Engine/Content/EngineMaterials/BaseFlattenGrayscaleMap.uasset" 551
"../../../Engine/Content/EngineMaterials/BaseFlattenGrayscaleMap.uexp" 552
"../../../Engine/Content/EngineMaterials/BaseFlattenDiffuseMap.uasset" 553
"../../../Engine/Content/EngineMaterials/BaseFlattenDiffuseMap.uexp" 554
"../../../Engine/Content/Functions/Engine_MaterialFunctions02/PivotPainter2/Black_1x1_EXR_Texture.uasset" 555
"../../../Engine/Content/Functions/Engine_MaterialFunctions02/PivotPainter2/Black_1x1_EXR_Texture.uexp" 556
"../../../Engine/Content/EngineMaterials/BaseFlattenEmissiveMap.uasset" 557
"../../../Engine/Content/EngineMaterials/BaseFlattenEmissiveMap.uexp" 558
"../../../Engine/Content/EngineMaterials/BaseFlattenLinearColor.uasset" 559
"../../../Engine/Content/EngineMaterials/BaseFlattenLinearColor.uexp" 560
"../../../Engine/Content/EngineMaterials/FlattenMaterial.uasset" 561
"../../../Engine/Content/EngineMaterials/FlattenMaterial.uexp" 562
"../../../Engine/Content/EngineMaterials/DefaultWhiteGrid_Low.uasset" 563
"../../../Engine/Content/EngineMaterials/DefaultWhiteGrid_Low.uexp" 564
"../../../Engine/Content/EngineMaterials/EmissiveMeshMaterial.uasset" 565
"../../../Engine/Content/EngineMaterials/EmissiveMeshMaterial.uexp" 566
"../../../Engine/Content/EngineFonts/RobotoDistanceField.uasset" 567
"../../../Engine/Content/EngineFonts/RobotoDistanceField.uexp" 568
"../../../Engine/Content/EngineMaterials/DefaultTextMaterialOpaque.uasset" 569
"../../../Engine/Content/EngineMaterials/DefaultTextMaterialOpaque.uexp" 570
"../../../Engine/Content/EngineMaterials/DefaultDiffuse.ubulk" 571
"../../../Engine/Content/EngineMaterials/DefaultDiffuse.uasset" 572
"../../../Engine/Content/EngineMaterials/DefaultDiffuse.uexp" 573
"../../../Engine/Content/Functions/Engine_MaterialFunctions02/Utility/BreakOutFloat2Components.uasset" 574
"../../../Engine/Content/Functions/Engine_MaterialFunctions02/Utility/BreakOutFloat2Components.uexp" 575
"../../../Engine/Content/EngineMaterials/DefaultPostProcessMaterial.uasset" 576
"../../../Engine/Content/EngineMaterials/DefaultPostProcessMaterial.uexp" 577
"../../../Engine/Content/EngineMaterials/DefaultPhysicalMaterial.uasset" 578
"../../../Engine/Content/EngineMaterials/DefaultPhysicalMaterial.uexp" 579
"../../../Engine/Content/EngineMaterials/DefaultLightFunctionMaterial.uasset" 580
"../../../Engine/Content/EngineMaterials/DefaultLightFunctionMaterial.uexp" 581
"../../../Engine/Content/EngineMaterials/DefaultDestructiblePhysicalMaterial.uasset" 582
"../../../Engine/Content/EngineMaterials/DefaultDestructiblePhysicalMaterial.uexp" 583
"../../../Engine/Content/EngineMaterials/DefaultDeferredDecalMaterial.uasset" 584
"../../../Engine/Content/EngineMaterials/DefaultDeferredDecalMaterial.uexp" 585
"../../../Engine/Content/EngineMaterials/DefaultBloomKernel.uasset" 586
"../../../Engine/Content/EngineMaterials/DefaultBloomKernel.uexp" 587
"../../../Engine/Content/EngineFonts/Faces/RobotoLight.uexp" 588
"../../../Engine/Content/EngineFonts/Faces/RobotoLight.uasset" 589
"../../../Engine/Content/EngineFonts/Faces/RobotoLight.ufont" 590
"../../../Engine/Content/EngineFonts/Faces/RobotoBold.uexp" 591
"../../../Engine/Content/EngineFonts/Faces/RobotoBold.uasset" 592
"../../../Engine/Content/EngineFonts/Faces/RobotoBold.ufont" 593
"../../../Engine/Content/EngineFonts/Faces/RobotoRegular.uexp" 594
"../../../Engine/Content/EngineFonts/Faces/RobotoRegular.uasset" 595
"../../../Engine/Content/EngineFonts/Faces/RobotoRegular.ufont" 596
"../../../Engine/Content/EngineFonts/Faces/DroidSansFallback.uexp" 597
"../../../Engine/Content/EngineFonts/Faces/DroidSansFallback.uasset" 598
"../../../Engine/Content/EngineFonts/Faces/DroidSansFallback.ufont" 599
"../../../Engine/Content/EngineFonts/Faces/RobotoItalic.uexp" 600
"../../../Engine/Content/EngineFonts/Faces/RobotoItalic.uasset" 601
"../../../Engine/Content/EngineFonts/Faces/RobotoItalic.ufont" 602
"../../../Engine/Content/EngineFonts/Faces/RobotoBoldItalic.uexp" 603
"../../../Engine/Content/EngineFonts/Faces/RobotoBoldItalic.uasset" 604
"../../../Engine/Content/EngineFonts/Faces/RobotoBoldItalic.ufont" 605
"../../../Engine/Content/EngineFonts/Roboto.uasset" 606
"../../../Engine/Content/EngineFonts/Roboto.uexp" 607
"../../../Engine/Content/EngineDebugMaterials/VolumeToRender.uasset" 608
"../../../Engine/Content/EngineDebugMaterials/VolumeToRender.uexp" 609
"../../../Engine/Content/EngineDebugMaterials/M_VolumeRenderSphereTracePP.uasset" 610
"../../../Engine/Content/EngineDebugMaterials/M_VolumeRenderSphereTracePP.uexp" 611
"../../../Engine/Content/EngineDebugMaterials/M_SimpleUnlitTranslucent.uasset" 612
"../../../Engine/Content/EngineDebugMaterials/M_SimpleUnlitTranslucent.uexp" 613
"../../../Engine/Content/EngineDebugMaterials/DebugMeshMaterial.uasset" 614
"../../../Engine/Content/EngineDebugMaterials/DebugMeshMaterial.uexp" 615
"../../../Engine/Content/EngineDebugMaterials/DebugEditorMaterial.uasset" 616
"../../../Engine/Content/EngineDebugMaterials/DebugEditorMaterial.uexp" 617
"../../../Engine/Content/EngineDamageTypes/DmgTypeBP_Environmental.uasset" 618
"../../../Engine/Content/EngineDamageTypes/DmgTypeBP_Environmental.uexp" 619
"../../../Engine/Content/EditorResources/S_Terrain.ubulk" 620
"../../../Engine/Content/EditorResources/S_Terrain.uasset" 621
"../../../Engine/Content/EditorResources/S_Terrain.uexp" 622
"../../../Engine/Content/EditorResources/EmptyActor.uasset" 623
"../../../Engine/Content/EditorResources/EmptyActor.uexp" 624
"../../../Engine/Content/EditorResources/BSPVertex.uasset" 625
"../../../Engine/Content/EditorResources/BSPVertex.uexp" 626
"../../../Engine/Content/EditorMaterials/PreviewShadowIndicator.ubulk" 627
"../../../Engine/Content/EditorMaterials/PreviewShadowIndicator.uasset" 628
"../../../Engine/Content/EditorMaterials/PreviewShadowIndicator.uexp" 629
"../../../Engine/Content/EditorMaterials/PreviewShadowIndicatorMaterial.uasset" 630
"../../../Engine/Content/EditorMaterials/PreviewShadowIndicatorMaterial.uexp" 631
"../../../Engine/Content/EditorMaterials/PhAT_UnselectedMaterial.uasset" 632
"../../../Engine/Content/EditorMaterials/PhAT_UnselectedMaterial.uexp" 633
"../../../Engine/Content/EditorMaterials/PhAT_NoCollisionMaterial.uasset" 634
"../../../Engine/Content/EditorMaterials/PhAT_NoCollisionMaterial.uexp" 635
"../../../Engine/Content/EditorLandscapeResources/DefaultAlphaTexture.uasset" 636
"../../../Engine/Content/EditorLandscapeResources/DefaultAlphaTexture.uexp" 637
"../../../Engine/Content/EditorLandscapeResources/DataLayer.uasset" 638
"../../../Engine/Content/EditorLandscapeResources/DataLayer.uexp" 639
"../../../Engine/Content/BasicShapes/Plane.ubulk" 640
"../../../Engine/Content/BasicShapes/Plane.uasset" 641
"../../../Engine/Content/BasicShapes/Plane.uexp" 642
"../../../Engine/Content/EngineMaterials/DefaultMaterial.uasset" 643
"../../../Engine/Content/EngineMaterials/DefaultMaterial.uexp" 644
"../../../Engine/Content/BasicShapes/Cylinder.ubulk" 645
"../../../Engine/Content/BasicShapes/Cylinder.uasset" 646
"../../../Engine/Content/BasicShapes/Cylinder.uexp" 647
"../../../Engine/Content/BasicShapes/Cube.ubulk" 648
"../../../Engine/Content/BasicShapes/Cube.uasset" 649
"../../../Engine/Content/BasicShapes/Cube.uexp" 650
"../../../Engine/Content/BasicShapes/Cone.ubulk" 651
"../../../Engine/Content/BasicShapes/Cone.uasset" 652
"../../../Engine/Content/BasicShapes/Cone.uexp" 653
"../../../Engine/Content/BasicShapes/BasicShapeMaterial.uasset" 654
"../../../Engine/Content/BasicShapes/BasicShapeMaterial.uexp" 655
"../../../Engine/Plugins/Interchange/Runtime/Content/gltf/MaterialFunctions/MF_RotateV2.uasset" 656
"../../../Engine/Plugins/Interchange/Runtime/Content/gltf/MaterialFunctions/MF_RotateV2.uexp" 657
"../../../Engine/Plugins/Interchange/Runtime/Content/gltf/MaterialFunctions/MF_TransformUVs.uasset" 658
"../../../Engine/Plugins/Interchange/Runtime/Content/gltf/MaterialFunctions/MF_TransformUVs.uexp" 659
"../../../Engine/Plugins/Interchange/Runtime/Content/gltf/Textures/T_White_srgb.uasset" 660
"../../../Engine/Plugins/Interchange/Runtime/Content/gltf/Textures/T_White_srgb.uexp" 661
"../../../Engine/Plugins/Interchange/Runtime/Content/gltf/MaterialFunctions/MF_BaseColor.uasset" 662
"../../../Engine/Plugins/Interchange/Runtime/Content/gltf/MaterialFunctions/MF_BaseColor.uexp" 663
"../../../Engine/Plugins/Interchange/Runtime/Content/gltf/MaterialBodies/MF_Unlit_Body.uasset" 664
"../../../Engine/Plugins/Interchange/Runtime/Content/gltf/MaterialBodies/MF_Unlit_Body.uexp" 665
"../../../Engine/Plugins/Interchange/Runtime/Content/gltf/M_Unlit.uasset" 666
"../../../Engine/Plugins/Interchange/Runtime/Content/gltf/M_Unlit.uexp" 667
"../../../Engine/Plugins/Interchange/Runtime/Content/gltf/MaterialInstances/MI_Unlit_Opaque_DS.uasset" 668
"../../../Engine/Plugins/Interchange/Runtime/Content/gltf/MaterialInstances/MI_Unlit_Opaque_DS.uexp" 669
"../../../Engine/Plugins/Interchange/Runtime/Content/gltf/MaterialInstances/MI_Unlit_Opaque.uasset" 670
"../../../Engine/Plugins/Interchange/Runtime/Content/gltf/MaterialInstances/MI_Unlit_Opaque.uexp" 671
"../../../Engine/Plugins/Interchange/Runtime/Content/gltf/MaterialInstances/MI_Unlit_Mask_DS.uasset" 672
"../../../Engine/Plugins/Interchange/Runtime/Content/gltf/MaterialInstances/MI_Unlit_Mask_DS.uexp" 673
"../../../Engine/Plugins/Interchange/Runtime/Content/gltf/MaterialInstances/MI_Unlit_Mask.uasset" 674
"../../../Engine/Plugins/Interchange/Runtime/Content/gltf/MaterialInstances/MI_Unlit_Mask.uexp" 675
"../../../Engine/Plugins/Interchange/Runtime/Content/gltf/MaterialInstances/MI_Unlit_Blend_DS.uasset" 676
"../../../Engine/Plugins/Interchange/Runtime/Content/gltf/MaterialInstances/MI_Unlit_Blend_DS.uexp" 677
"../../../Engine/Plugins/Interchange/Runtime/Content/gltf/MaterialInstances/MI_Unlit_Blend.uasset" 678
"../../../Engine/Plugins/Interchange/Runtime/Content/gltf/MaterialInstances/MI_Unlit_Blend.uexp" 679
"../../../Engine/Plugins/Interchange/Runtime/Content/gltf/MaterialFunctions/MF_Iridescence.uasset" 680
"../../../Engine/Plugins/Interchange/Runtime/Content/gltf/MaterialFunctions/MF_Iridescence.uexp" 681
"../../../Engine/Plugins/Interchange/Runtime/Content/gltf/Textures/T_White_Linear.uasset" 682
"../../../Engine/Plugins/Interchange/Runtime/Content/gltf/Textures/T_White_Linear.uexp" 683
"../../../Engine/Plugins/Interchange/Runtime/Content/gltf/MaterialFunctions/MF_MetallicRoughness.uasset" 684
"../../../Engine/Plugins/Interchange/Runtime/Content/gltf/MaterialFunctions/MF_MetallicRoughness.uexp" 685
"../../../Engine/Plugins/Interchange/Runtime/Content/gltf/MaterialFunctions/MF_Transmission.uasset" 686
"../../../Engine/Plugins/Interchange/Runtime/Content/gltf/MaterialFunctions/MF_Transmission.uexp" 687
"../../../Engine/Plugins/Interchange/Runtime/Content/gltf/MaterialFunctions/MF_Occlusion.uasset" 688
"../../../Engine/Plugins/Interchange/Runtime/Content/gltf/MaterialFunctions/MF_Occlusion.uexp" 689
"../../../Engine/Plugins/Interchange/Runtime/Content/gltf/MaterialFunctions/MF_Specular.uasset" 690
"../../../Engine/Plugins/Interchange/Runtime/Content/gltf/MaterialFunctions/MF_Specular.uexp" 691
"../../../Engine/Plugins/Interchange/Runtime/Content/gltf/MaterialFunctions/MF_IOR.uasset" 692
"../../../Engine/Plugins/Interchange/Runtime/Content/gltf/MaterialFunctions/MF_IOR.uexp" 693
"../../../Engine/Plugins/Interchange/Runtime/Content/gltf/MaterialFunctions/MF_RotateNormals_TS.uasset" 694
"../../../Engine/Plugins/Interchange/Runtime/Content/gltf/MaterialFunctions/MF_RotateNormals_TS.uexp" 695
"../../../Engine/Plugins/Interchange/Runtime/Content/gltf/Textures/T_Generic_N.uasset" 696
"../../../Engine/Plugins/Interchange/Runtime/Content/gltf/Textures/T_Generic_N.uexp" 697
"../../../Engine/Plugins/Interchange/Runtime/Content/gltf/MaterialFunctions/MF_Normals.uasset" 698
"../../../Engine/Plugins/Interchange/Runtime/Content/gltf/MaterialFunctions/MF_Normals.uexp" 699
"../../../Engine/Plugins/Interchange/Runtime/Content/gltf/MaterialBodies/MF_Transmission_Body.uasset" 700
"../../../Engine/Plugins/Interchange/Runtime/Content/gltf/MaterialBodies/MF_Transmission_Body.uexp" 701
"../../../Engine/Plugins/Interchange/Runtime/Content/gltf/M_Transmission.uasset" 702
"../../../Engine/Plugins/Interchange/Runtime/Content/gltf/M_Transmission.uexp" 703
"../../../Engine/Plugins/Interchange/Runtime/Content/gltf/MaterialInstances/MI_Transmission_DS.uasset" 704
"../../../Engine/Plugins/Interchange/Runtime/Content/gltf/MaterialInstances/MI_Transmission_DS.uexp" 705
"../../../Engine/Plugins/Interchange/Runtime/Content/gltf/MaterialInstances/MI_Transmission.uasset" 706
"../../../Engine/Plugins/Interchange/Runtime/Content/gltf/MaterialInstances/MI_Transmission.uexp" 707
"../../../Engine/Plugins/Interchange/Runtime/Content/gltf/MaterialFunctions/MF_DiffuseSpecGloss.uasset" 708
"../../../Engine/Plugins/Interchange/Runtime/Content/gltf/MaterialFunctions/MF_DiffuseSpecGloss.uexp" 709
"../../../Engine/Content/Functions/Engine_MaterialFunctions02/Math/AddComponents.uasset" 710
"../../../Engine/Content/Functions/Engine_MaterialFunctions02/Math/AddComponents.uexp" 711
"../../../Engine/Plugins/Interchange/Runtime/Content/gltf/MaterialFunctions/MF_PerceivedBrightness.uasset" 712
"../../../Engine/Plugins/Interchange/Runtime/Content/gltf/MaterialFunctions/MF_PerceivedBrightness.uexp" 713
"../../../Engine/Plugins/Interchange/Runtime/Content/gltf/MaterialFunctions/MF_Emissive.uasset" 714
"../../../Engine/Plugins/Interchange/Runtime/Content/gltf/MaterialFunctions/MF_Emissive.uexp" 715
"../../../Engine/Plugins/Interchange/Runtime/Content/gltf/MaterialFunctions/MF_SpecGlossToMetalRoughness.uasset" 716
"../../../Engine/Plugins/Interchange/Runtime/Content/gltf/MaterialFunctions/MF_SpecGlossToMetalRoughness.uexp" 717
"../../../Engine/Plugins/Interchange/Runtime/Content/gltf/MaterialBodies/MF_SpecularGlossiness_Body.uasset" 718
"../../../Engine/Plugins/Interchange/Runtime/Content/gltf/MaterialBodies/MF_SpecularGlossiness_Body.uexp" 719
"../../../Engine/Plugins/Interchange/Runtime/Content/gltf/M_SpecularGlossiness.uasset" 720
"../../../Engine/Plugins/Interchange/Runtime/Content/gltf/M_SpecularGlossiness.uexp" 721
"../../../Engine/Plugins/Interchange/Runtime/Content/gltf/MaterialInstances/MI_SpecularGlossiness_Opaque_DS.uasset" 722
"../../../Engine/Plugins/Interchange/Runtime/Content/gltf/MaterialInstances/MI_SpecularGlossiness_Opaque_DS.uexp" 723
"../../../Engine/Plugins/Interchange/Runtime/Content/gltf/MaterialInstances/MI_SpecularGlossiness_Opaque.uasset" 724
"../../../Engine/Plugins/Interchange/Runtime/Content/gltf/MaterialInstances/MI_SpecularGlossiness_Opaque.uexp" 725
"../../../Engine/Plugins/Interchange/Runtime/Content/gltf/MaterialInstances/MI_SpecularGlossiness_Mask_DS.uasset" 726
"../../../Engine/Plugins/Interchange/Runtime/Content/gltf/MaterialInstances/MI_SpecularGlossiness_Mask_DS.uexp" 727
"../../../Engine/Plugins/Interchange/Runtime/Content/gltf/MaterialInstances/MI_SpecularGlossiness_Mask.uasset" 728
"../../../Engine/Plugins/Interchange/Runtime/Content/gltf/MaterialInstances/MI_SpecularGlossiness_Mask.uexp" 729
"../../../Engine/Plugins/Interchange/Runtime/Content/gltf/MaterialInstances/MI_SpecularGlossiness_Blend_DS.uasset" 730
"../../../Engine/Plugins/Interchange/Runtime/Content/gltf/MaterialInstances/MI_SpecularGlossiness_Blend_DS.uexp" 731
"../../../Engine/Plugins/Interchange/Runtime/Content/gltf/MaterialInstances/MI_SpecularGlossiness_Blend.uasset" 732
"../../../Engine/Plugins/Interchange/Runtime/Content/gltf/MaterialInstances/MI_SpecularGlossiness_Blend.uexp" 733
"../../../Engine/Plugins/Interchange/Runtime/Content/gltf/MaterialFunctions/MF_Sheen.uasset" 734
"../../../Engine/Plugins/Interchange/Runtime/Content/gltf/MaterialFunctions/MF_Sheen.uexp" 735
"../../../Engine/Plugins/Interchange/Runtime/Content/gltf/MaterialBodies/MF_Sheen_Body.uasset" 736
"../../../Engine/Plugins/Interchange/Runtime/Content/gltf/MaterialBodies/MF_Sheen_Body.uexp" 737
"../../../Engine/Plugins/Interchange/Runtime/Content/gltf/M_Sheen.uasset" 738
"../../../Engine/Plugins/Interchange/Runtime/Content/gltf/M_Sheen.uexp" 739
"../../../Engine/Plugins/Interchange/Runtime/Content/gltf/MaterialInstances/MI_Sheen_Opaque_DS.uasset" 740
"../../../Engine/Plugins/Interchange/Runtime/Content/gltf/MaterialInstances/MI_Sheen_Opaque_DS.uexp" 741
"../../../Engine/Plugins/Interchange/Runtime/Content/gltf/MaterialInstances/MI_Sheen_Opaque.uasset" 742
"../../../Engine/Plugins/Interchange/Runtime/Content/gltf/MaterialInstances/MI_Sheen_Opaque.uexp" 743
"../../../Engine/Plugins/Interchange/Runtime/Content/gltf/MaterialInstances/MI_Sheen_Mask_DS.uasset" 744
"../../../Engine/Plugins/Interchange/Runtime/Content/gltf/MaterialInstances/MI_Sheen_Mask_DS.uexp" 745
"../../../Engine/Plugins/Interchange/Runtime/Content/gltf/MaterialInstances/MI_Sheen_Mask.uasset" 746
"../../../Engine/Plugins/Interchange/Runtime/Content/gltf/MaterialInstances/MI_Sheen_Mask.uexp" 747
"../../../Engine/Plugins/Interchange/Runtime/Content/gltf/MaterialInstances/MI_Sheen_Blend_DS.uasset" 748
"../../../Engine/Plugins/Interchange/Runtime/Content/gltf/MaterialInstances/MI_Sheen_Blend_DS.uexp" 749
"../../../Engine/Plugins/Interchange/Runtime/Content/gltf/MaterialInstances/MI_Sheen_Blend.uasset" 750
"../../../Engine/Plugins/Interchange/Runtime/Content/gltf/MaterialInstances/MI_Sheen_Blend.uexp" 751
"../../../Engine/Plugins/Interchange/Runtime/Content/gltf/MaterialBodies/MF_Default_Body.uasset" 752
"../../../Engine/Plugins/Interchange/Runtime/Content/gltf/MaterialBodies/MF_Default_Body.uexp" 753
"../../../Engine/Plugins/Interchange/Runtime/Content/gltf/M_Default.uasset" 754
"../../../Engine/Plugins/Interchange/Runtime/Content/gltf/M_Default.uexp" 755
"../../../Engine/Plugins/Interchange/Runtime/Content/gltf/MaterialInstances/MI_Default_Opaque_DS.uasset" 756
"../../../Engine/Plugins/Interchange/Runtime/Content/gltf/MaterialInstances/MI_Default_Opaque_DS.uexp" 757
"../../../Engine/Plugins/Interchange/Runtime/Content/gltf/MaterialInstances/MI_Default_Opaque.uasset" 758
"../../../Engine/Plugins/Interchange/Runtime/Content/gltf/MaterialInstances/MI_Default_Opaque.uexp" 759
"../../../Engine/Plugins/Interchange/Runtime/Content/gltf/MaterialInstances/MI_Default_Mask_DS.uasset" 760
"../../../Engine/Plugins/Interchange/Runtime/Content/gltf/MaterialInstances/MI_Default_Mask_DS.uexp" 761
"../../../Engine/Plugins/Interchange/Runtime/Content/gltf/MaterialInstances/MI_Default_Mask.uasset" 762
"../../../Engine/Plugins/Interchange/Runtime/Content/gltf/MaterialInstances/MI_Default_Mask.uexp" 763
"../../../Engine/Plugins/Interchange/Runtime/Content/gltf/MaterialInstances/MI_Default_Blend_DS.uasset" 764
"../../../Engine/Plugins/Interchange/Runtime/Content/gltf/MaterialInstances/MI_Default_Blend_DS.uexp" 765
"../../../Engine/Plugins/Interchange/Runtime/Content/gltf/MaterialInstances/MI_Default_Blend.uasset" 766
"../../../Engine/Plugins/Interchange/Runtime/Content/gltf/MaterialInstances/MI_Default_Blend.uexp" 767
"../../../Engine/Content/Functions/Engine_MaterialFunctions01/Texturing/FlattenNormal.uasset" 768
"../../../Engine/Content/Functions/Engine_MaterialFunctions01/Texturing/FlattenNormal.uexp" 769
"../../../Engine/Plugins/Interchange/Runtime/Content/gltf/MaterialFunctions/MF_Clearcoat.uasset" 770
"../../../Engine/Plugins/Interchange/Runtime/Content/gltf/MaterialFunctions/MF_Clearcoat.uexp" 771
"../../../Engine/Plugins/Interchange/Runtime/Content/gltf/MaterialBodies/MF_ClearCoat_Body.uasset" 772
"../../../Engine/Plugins/Interchange/Runtime/Content/gltf/MaterialBodies/MF_ClearCoat_Body.uexp" 773
"../../../Engine/Plugins/Interchange/Runtime/Content/gltf/M_ClearCoat.uasset" 774
"../../../Engine/Plugins/Interchange/Runtime/Content/gltf/M_ClearCoat.uexp" 775
"../../../Engine/Plugins/Interchange/Runtime/Content/gltf/MaterialInstances/MI_ClearCoat_Opaque_DS.uasset" 776
"../../../Engine/Plugins/Interchange/Runtime/Content/gltf/MaterialInstances/MI_ClearCoat_Opaque_DS.uexp" 777
"../../../Engine/Plugins/Interchange/Runtime/Content/gltf/MaterialInstances/MI_ClearCoat_Opaque.uasset" 778
"../../../Engine/Plugins/Interchange/Runtime/Content/gltf/MaterialInstances/MI_ClearCoat_Opaque.uexp" 779
"../../../Engine/Plugins/Interchange/Runtime/Content/gltf/MaterialInstances/MI_ClearCoat_Mask_DS.uasset" 780
"../../../Engine/Plugins/Interchange/Runtime/Content/gltf/MaterialInstances/MI_ClearCoat_Mask_DS.uexp" 781
"../../../Engine/Plugins/Interchange/Runtime/Content/gltf/MaterialInstances/MI_ClearCoat_Mask.uasset" 782
"../../../Engine/Plugins/Interchange/Runtime/Content/gltf/MaterialInstances/MI_ClearCoat_Mask.uexp" 783
"../../../Engine/Plugins/Interchange/Runtime/Content/gltf/MaterialInstances/MI_ClearCoat_Blend_DS.uasset" 784
"../../../Engine/Plugins/Interchange/Runtime/Content/gltf/MaterialInstances/MI_ClearCoat_Blend_DS.uexp" 785
"../../../Engine/Plugins/Interchange/Runtime/Content/gltf/MaterialInstances/MI_ClearCoat_Blend.uasset" 786
"../../../Engine/Plugins/Interchange/Runtime/Content/gltf/MaterialInstances/MI_ClearCoat_Blend.uexp" 787
"../../../Engine/Content/EngineSky/VolumetricClouds/CloudWeatherTexture.uasset" 788
"../../../Engine/Content/EngineSky/VolumetricClouds/CloudWeatherTexture.uexp" 789
"../../../Engine/Content/Functions/Engine_MaterialFunctions02/Utility/MakeFloat2.uasset" 790
"../../../Engine/Content/Functions/Engine_MaterialFunctions02/Utility/MakeFloat2.uexp" 791
"../../../Engine/Content/EngineSky/VolumetricClouds/CloudGradientTexture.uasset" 792
"../../../Engine/Content/EngineSky/VolumetricClouds/CloudGradientTexture.uexp" 793
"../../../Engine/Content/EngineSky/VolumetricClouds/T_NoiseShape64.ubulk" 794
"../../../Engine/Content/EngineSky/VolumetricClouds/T_NoiseShape64.uasset" 795
"../../../Engine/Content/EngineSky/VolumetricClouds/T_NoiseShape64.uexp" 796
"../../../Engine/Content/EngineSky/VolumetricClouds/T_VolumeNoiseShape64.uasset" 797
"../../../Engine/Content/EngineSky/VolumetricClouds/T_VolumeNoiseShape64.uexp" 798
"../../../Engine/Content/EngineSky/VolumetricClouds/T_NoiseErosion.ubulk" 799
"../../../Engine/Content/EngineSky/VolumetricClouds/T_NoiseErosion.uasset" 800
"../../../Engine/Content/EngineSky/VolumetricClouds/T_NoiseErosion.uexp" 801
"../../../Engine/Content/EngineSky/VolumetricClouds/T_VolumeNoiseErosion32.uasset" 802
"../../../Engine/Content/EngineSky/VolumetricClouds/T_VolumeNoiseErosion32.uexp" 803
"../../../Engine/Content/EngineSky/VolumetricClouds/m_SimpleVolumetricCloud.uasset" 804
"../../../Engine/Content/EngineSky/VolumetricClouds/m_SimpleVolumetricCloud.uexp" 805
"../../../Engine/Content/EngineSky/VolumetricClouds/m_SimpleVolumetricCloud_Inst.uasset" 806
"../../../Engine/Content/EngineSky/VolumetricClouds/m_SimpleVolumetricCloud_Inst.uexp" 807
"../../../Engine/Content/EngineResources/FilmGrains/Marcie_Grain_v3_128_M2_000.uasset" 808
"../../../Engine/Content/EngineResources/FilmGrains/Marcie_Grain_v3_128_M2_000.uexp" 809
"../../../Engine/Content/EditorResources/SequenceRecorder/RecordingIndicator.uasset" 810
"../../../Engine/Content/EditorResources/SequenceRecorder/RecordingIndicator.uexp" 811
"../../../Engine/Content/EditorResources/SequenceRecorder/Countdown.uasset" 812
"../../../Engine/Content/EditorResources/SequenceRecorder/Countdown.uexp" 813
"../../../Engine/Content/EditorMaterials/Dataflow/DataflowVertexMaterial.uasset" 814
"../../../Engine/Content/EditorMaterials/Dataflow/DataflowVertexMaterial.uexp" 815
"F:/CMP400 - Prof Proj/CMP400_Prof_Proj/Content/LevelPrototyping/Textures/T_GridChecker_A.ubulk" 816
"F:/CMP400 - Prof Proj/CMP400_Prof_Proj/Content/LevelPrototyping/Textures/T_GridChecker_A.uasset" 817
"F:/CMP400 - Prof Proj/CMP400_Prof_Proj/Content/LevelPrototyping/Textures/T_GridChecker_A.uexp" 818
"../../../Engine/Content/Functions/Engine_MaterialFunctions01/Gradient/LinearGradient.uasset" 819
"../../../Engine/Content/Functions/Engine_MaterialFunctions01/Gradient/LinearGradient.uexp" 820
"../../../Engine/Content/Functions/Engine_MaterialFunctions01/ImageAdjustment/CheapContrast.uasset" 821
"../../../Engine/Content/Functions/Engine_MaterialFunctions01/ImageAdjustment/CheapContrast.uexp" 822
"F:/CMP400 - Prof Proj/CMP400_Prof_Proj/Content/LevelPrototyping/Materials/MF_ProcGrid.uasset" 823
"F:/CMP400 - Prof Proj/CMP400_Prof_Proj/Content/LevelPrototyping/Materials/MF_ProcGrid.uexp" 824
"F:/CMP400 - Prof Proj/CMP400_Prof_Proj/Content/LevelPrototyping/Materials/M_PrototypeGrid.uasset" 825
"F:/CMP400 - Prof Proj/CMP400_Prof_Proj/Content/LevelPrototyping/Materials/M_PrototypeGrid.uexp" 826
"F:/CMP400 - Prof Proj/CMP400_Prof_Proj/Content/LevelPrototyping/Materials/MI_PrototypeGrid_Gray.uasset" 827
"F:/CMP400 - Prof Proj/CMP400_Prof_Proj/Content/LevelPrototyping/Materials/MI_PrototypeGrid_Gray.uexp" 828
"F:/CMP400 - Prof Proj/CMP400_Prof_Proj/Content/LevelPrototyping/Meshes/SM_Cylinder.ubulk" 829
"F:/CMP400 - Prof Proj/CMP400_Prof_Proj/Content/LevelPrototyping/Meshes/SM_Cylinder.uasset" 830
"F:/CMP400 - Prof Proj/CMP400_Prof_Proj/Content/LevelPrototyping/Meshes/SM_Cylinder.uexp" 831
"F:/CMP400 - Prof Proj/CMP400_Prof_Proj/Content/LevelPrototyping/Materials/MI_PrototypeGrid_Gray_02.uasset" 832
"F:/CMP400 - Prof Proj/CMP400_Prof_Proj/Content/LevelPrototyping/Materials/MI_PrototypeGrid_Gray_02.uexp" 833
"F:/CMP400 - Prof Proj/CMP400_Prof_Proj/Content/FPWeapon/Mesh/SK_FPGun_PhysicsAsset.uasset" 834
"F:/CMP400 - Prof Proj/CMP400_Prof_Proj/Content/FPWeapon/Mesh/SK_FPGun_PhysicsAsset.uexp" 835
"F:/CMP400 - Prof Proj/CMP400_Prof_Proj/Content/FirstPerson/Maps/FirstPersonMap_BuiltData.ubulk" 836
"F:/CMP400 - Prof Proj/CMP400_Prof_Proj/Content/FirstPerson/Maps/FirstPersonMap_BuiltData.uasset" 837
"F:/CMP400 - Prof Proj/CMP400_Prof_Proj/Content/FirstPerson/Maps/FirstPersonMap_BuiltData.uexp" 838
"../../../Engine/Content/MobileResources/HUD/VirtualJoystick_Background.uasset" 839
"../../../Engine/Content/MobileResources/HUD/VirtualJoystick_Background.uexp" 840
"../../../Engine/Content/MobileResources/HUD/VirtualJoystick_Thumb.uasset" 841
"../../../Engine/Content/MobileResources/HUD/VirtualJoystick_Thumb.uexp" 842
"F:/CMP400 - Prof Proj/CMP400_Prof_Proj/Content/FirstPerson/Input/MobileControls.uasset" 843
"F:/CMP400 - Prof Proj/CMP400_Prof_Proj/Content/FirstPerson/Input/MobileControls.uexp" 844
"../../../Engine/Content/EngineMaterials/Substrate/Volume/SubstrateSimpleVolumeLUT3D.uasset" 845
"../../../Engine/Content/EngineMaterials/Substrate/Volume/SubstrateSimpleVolumeLUT3D.uexp" 846
"../../../Engine/Content/EngineMaterials/Substrate/Volume/SubstrateSimpleVolumeEnvLUT3D.uasset" 847
"../../../Engine/Content/EngineMaterials/Substrate/Volume/SubstrateSimpleVolumeEnvLUT3D.uexp" 848
"../../../Engine/Content/EngineMaterials/Substrate/GLints2/AGlintTex2dArray2.uasset" 849
"../../../Engine/Content/EngineMaterials/Substrate/GLints2/AGlintTex2dArray2.uexp" 850
"../../../Engine/Content/Functions/Engine_MaterialFunctions01/Shading/PowerToRoughness.uasset" 851
"../../../Engine/Content/Functions/Engine_MaterialFunctions01/Shading/PowerToRoughness.uexp" 852
"../../../Engine/Content/Functions/Engine_MaterialFunctions01/Shading/ConvertFromDiffSpec.uasset" 853
"../../../Engine/Content/Functions/Engine_MaterialFunctions01/Shading/ConvertFromDiffSpec.uexp" 854
"../../../Engine/Content/EngineMaterials/Substrate/GLints/AGlintTex2dArray.uasset" 855
"../../../Engine/Content/EngineMaterials/Substrate/GLints/AGlintTex2dArray.uexp" 856
"F:/CMP400 - Prof Proj/CMP400_Prof_Proj/Content/FPWeapon/Materials/MaterialLayers/T_ML_FineRubber.ubulk" 857
"F:/CMP400 - Prof Proj/CMP400_Prof_Proj/Content/FPWeapon/Materials/MaterialLayers/T_ML_FineRubber.uasset" 858
"F:/CMP400 - Prof Proj/CMP400_Prof_Proj/Content/FPWeapon/Materials/MaterialLayers/T_ML_FineRubber.uexp" 859
"F:/CMP400 - Prof Proj/CMP400_Prof_Proj/Content/LevelPrototyping/Meshes/SM_QuarterCylinder.ubulk" 860
"F:/CMP400 - Prof Proj/CMP400_Prof_Proj/Content/LevelPrototyping/Meshes/SM_QuarterCylinder.uasset" 861
"F:/CMP400 - Prof Proj/CMP400_Prof_Proj/Content/LevelPrototyping/Meshes/SM_QuarterCylinder.uexp" 862
"F:/CMP400 - Prof Proj/CMP400_Prof_Proj/Content/LevelPrototyping/Materials/MI_PrototypeGrid_TopDark.uasset" 863
"F:/CMP400 - Prof Proj/CMP400_Prof_Proj/Content/LevelPrototyping/Materials/MI_PrototypeGrid_TopDark.uexp" 864
"F:/CMP400 - Prof Proj/CMP400_Prof_Proj/Content/LevelPrototyping/Meshes/SM_Cube.ubulk" 865
"F:/CMP400 - Prof Proj/CMP400_Prof_Proj/Content/LevelPrototyping/Meshes/SM_Cube.uasset" 866
"F:/CMP400 - Prof Proj/CMP400_Prof_Proj/Content/LevelPrototyping/Meshes/SM_Cube.uexp" 867
"F:/CMP400 - Prof Proj/CMP400_Prof_Proj/Content/LevelPrototyping/Materials/M_Solid.uasset" 868
"F:/CMP400 - Prof Proj/CMP400_Prof_Proj/Content/LevelPrototyping/Materials/M_Solid.uexp" 869
"F:/CMP400 - Prof Proj/CMP400_Prof_Proj/Content/LevelPrototyping/Materials/MI_Solid_Blue.uasset" 870
"F:/CMP400 - Prof Proj/CMP400_Prof_Proj/Content/LevelPrototyping/Materials/MI_Solid_Blue.uexp" 871
"F:/CMP400 - Prof Proj/CMP400_Prof_Proj/Content/LevelPrototyping/Meshes/SM_ChamferCube.ubulk" 872
"F:/CMP400 - Prof Proj/CMP400_Prof_Proj/Content/LevelPrototyping/Meshes/SM_ChamferCube.uasset" 873
"F:/CMP400 - Prof Proj/CMP400_Prof_Proj/Content/LevelPrototyping/Meshes/SM_ChamferCube.uexp" 874
"F:/CMP400 - Prof Proj/CMP400_Prof_Proj/Content/LevelPrototyping/Meshes/SM_Ramp.ubulk" 875
"F:/CMP400 - Prof Proj/CMP400_Prof_Proj/Content/LevelPrototyping/Meshes/SM_Ramp.uasset" 876
"F:/CMP400 - Prof Proj/CMP400_Prof_Proj/Content/LevelPrototyping/Meshes/SM_Ramp.uexp" 877
"F:/CMP400 - Prof Proj/CMP400_Prof_Proj/Content/FirstPerson/Input/Actions/IA_Shoot.uasset" 878
"F:/CMP400 - Prof Proj/CMP400_Prof_Proj/Content/FirstPerson/Input/Actions/IA_Shoot.uexp" 879
"F:/CMP400 - Prof Proj/CMP400_Prof_Proj/Content/FirstPerson/Input/IMC_Weapons.uasset" 880
"F:/CMP400 - Prof Proj/CMP400_Prof_Proj/Content/FirstPerson/Input/IMC_Weapons.uexp" 881
"F:/CMP400 - Prof Proj/CMP400_Prof_Proj/Content/FPWeapon/Mesh/SK_FPGun_Skeleton.uasset" 882
"F:/CMP400 - Prof Proj/CMP400_Prof_Proj/Content/FPWeapon/Mesh/SK_FPGun_Skeleton.uexp" 883
"F:/CMP400 - Prof Proj/CMP400_Prof_Proj/Content/FPWeapon/Materials/MaterialLayers/T_ML_Rubber_Blue_01_D.ubulk" 884
"F:/CMP400 - Prof Proj/CMP400_Prof_Proj/Content/FPWeapon/Materials/MaterialLayers/T_ML_Rubber_Blue_01_D.uasset" 885
"F:/CMP400 - Prof Proj/CMP400_Prof_Proj/Content/FPWeapon/Materials/MaterialLayers/T_ML_Rubber_Blue_01_D.uexp" 886
"F:/CMP400 - Prof Proj/CMP400_Prof_Proj/Content/FPWeapon/Textures/T_FPGun_N.ubulk" 887
"F:/CMP400 - Prof Proj/CMP400_Prof_Proj/Content/FPWeapon/Textures/T_FPGun_N.uasset" 888
"F:/CMP400 - Prof Proj/CMP400_Prof_Proj/Content/FPWeapon/Textures/T_FPGun_N.uexp" 889
"../../../Engine/Content/Functions/Engine_MaterialFunctions02/Utility/BlendAngleCorrectedNormals.uasset" 890
"../../../Engine/Content/Functions/Engine_MaterialFunctions02/Utility/BlendAngleCorrectedNormals.uexp" 891
"../../../Engine/Content/Functions/MaterialLayerFunctions/MatLayerBlend_NormalBlend.uasset" 892
"../../../Engine/Content/Functions/MaterialLayerFunctions/MatLayerBlend_NormalBlend.uexp" 893
"F:/CMP400 - Prof Proj/CMP400_Prof_Proj/Content/FPWeapon/Materials/MaterialLayers/T_ML_Rubber_Blue_01_N.ubulk" 894
"F:/CMP400 - Prof Proj/CMP400_Prof_Proj/Content/FPWeapon/Materials/MaterialLayers/T_ML_Rubber_Blue_01_N.uasset" 895
"F:/CMP400 - Prof Proj/CMP400_Prof_Proj/Content/FPWeapon/Materials/MaterialLayers/T_ML_Rubber_Blue_01_N.uexp" 896
"F:/CMP400 - Prof Proj/CMP400_Prof_Proj/Content/FPWeapon/Materials/MaterialLayers/ML_Screen.uasset" 897
"F:/CMP400 - Prof Proj/CMP400_Prof_Proj/Content/FPWeapon/Materials/MaterialLayers/ML_Screen.uexp" 898
"F:/CMP400 - Prof Proj/CMP400_Prof_Proj/Content/FPWeapon/Materials/MaterialLayers/T_ML_Aluminum01_N.ubulk" 899
"F:/CMP400 - Prof Proj/CMP400_Prof_Proj/Content/FPWeapon/Materials/MaterialLayers/T_ML_Aluminum01_N.uasset" 900
"F:/CMP400 - Prof Proj/CMP400_Prof_Proj/Content/FPWeapon/Materials/MaterialLayers/T_ML_Aluminum01_N.uexp" 901
"F:/CMP400 - Prof Proj/CMP400_Prof_Proj/Content/FPWeapon/Materials/MaterialLayers/T_ML_Aluminum01.ubulk" 902
"F:/CMP400 - Prof Proj/CMP400_Prof_Proj/Content/FPWeapon/Materials/MaterialLayers/T_ML_Aluminum01.uasset" 903
"F:/CMP400 - Prof Proj/CMP400_Prof_Proj/Content/FPWeapon/Materials/MaterialLayers/T_ML_Aluminum01.uexp" 904
"F:/CMP400 - Prof Proj/CMP400_Prof_Proj/Content/FPWeapon/Materials/MaterialLayers/ML_SoftMetal_UE4.uasset" 905
"F:/CMP400 - Prof Proj/CMP400_Prof_Proj/Content/FPWeapon/Materials/MaterialLayers/ML_SoftMetal_UE4.uexp" 906
"../../../Engine/Content/Functions/MaterialLayerFunctions/MatLayerBlend_Simple.uasset" 907
"../../../Engine/Content/Functions/MaterialLayerFunctions/MatLayerBlend_Simple.uexp" 908
"F:/CMP400 - Prof Proj/CMP400_Prof_Proj/Content/FPWeapon/Textures/T_FPGun_M.ubulk" 909
"F:/CMP400 - Prof Proj/CMP400_Prof_Proj/Content/FPWeapon/Textures/T_FPGun_M.uasset" 910
"F:/CMP400 - Prof Proj/CMP400_Prof_Proj/Content/FPWeapon/Textures/T_FPGun_M.uexp" 911
"F:/CMP400 - Prof Proj/CMP400_Prof_Proj/Content/FPWeapon/Materials/MaterialLayers/ML_Plastic_Shiny_Beige.uasset" 912
"F:/CMP400 - Prof Proj/CMP400_Prof_Proj/Content/FPWeapon/Materials/MaterialLayers/ML_Plastic_Shiny_Beige.uexp" 913
"F:/CMP400 - Prof Proj/CMP400_Prof_Proj/Content/FPWeapon/Materials/MaterialLayers/ML_GlossyBlack_Latex_UE4.uasset" 914
"F:/CMP400 - Prof Proj/CMP400_Prof_Proj/Content/FPWeapon/Materials/MaterialLayers/ML_GlossyBlack_Latex_UE4.uexp" 915
"F:/CMP400 - Prof Proj/CMP400_Prof_Proj/Content/FPWeapon/Materials/M_FPGun.uasset" 916
"F:/CMP400 - Prof Proj/CMP400_Prof_Proj/Content/FPWeapon/Materials/M_FPGun.uexp" 917
"F:/CMP400 - Prof Proj/CMP400_Prof_Proj/Content/FPWeapon/Mesh/SK_FPGun_Physics.uasset" 918
"F:/CMP400 - Prof Proj/CMP400_Prof_Proj/Content/FPWeapon/Mesh/SK_FPGun_Physics.uexp" 919
"F:/CMP400 - Prof Proj/CMP400_Prof_Proj/Content/FPWeapon/Mesh/SK_FPGun.uasset" 920
"F:/CMP400 - Prof Proj/CMP400_Prof_Proj/Content/FPWeapon/Mesh/SK_FPGun.uexp" 921
"F:/CMP400 - Prof Proj/CMP400_Prof_Proj/Content/FPWeapon/Audio/FirstPersonTemplateWeaponFire02.ubulk" 922
"F:/CMP400 - Prof Proj/CMP400_Prof_Proj/Content/FPWeapon/Audio/FirstPersonTemplateWeaponFire02.uasset" 923
"F:/CMP400 - Prof Proj/CMP400_Prof_Proj/Content/FPWeapon/Audio/FirstPersonTemplateWeaponFire02.uexp" 924
"F:/CMP400 - Prof Proj/CMP400_Prof_Proj/Content/FPWeapon/Materials/BaseMaterial.uasset" 925
"F:/CMP400 - Prof Proj/CMP400_Prof_Proj/Content/FPWeapon/Materials/BaseMaterial.uexp" 926
"F:/CMP400 - Prof Proj/CMP400_Prof_Proj/Content/FPWeapon/Materials/FirstPersonProjectileMaterial.uasset" 927
"F:/CMP400 - Prof Proj/CMP400_Prof_Proj/Content/FPWeapon/Materials/FirstPersonProjectileMaterial.uexp" 928
"F:/CMP400 - Prof Proj/CMP400_Prof_Proj/Content/FPWeapon/Mesh/FirstPersonProjectileMesh.ubulk" 929
"F:/CMP400 - Prof Proj/CMP400_Prof_Proj/Content/FPWeapon/Mesh/FirstPersonProjectileMesh.uasset" 930
"F:/CMP400 - Prof Proj/CMP400_Prof_Proj/Content/FPWeapon/Mesh/FirstPersonProjectileMesh.uexp" 931
"../../../Engine/Content/EditorBlueprintResources/ActorComponentMacros.uasset" 932
"../../../Engine/Content/EditorBlueprintResources/ActorComponentMacros.uexp" 933
"../../../Engine/Content/BasicShapes/Sphere.ubulk" 934
"../../../Engine/Content/BasicShapes/Sphere.uasset" 935
"../../../Engine/Content/BasicShapes/Sphere.uexp" 936
"F:/CMP400 - Prof Proj/CMP400_Prof_Proj/Content/FirstPerson/Input/Actions/IA_Look.uasset" 937
"F:/CMP400 - Prof Proj/CMP400_Prof_Proj/Content/FirstPerson/Input/Actions/IA_Look.uexp" 938
"F:/CMP400 - Prof Proj/CMP400_Prof_Proj/Content/FirstPersonArms/Character/Textures/Manny/T_Manny_02_N.ubulk" 939
"F:/CMP400 - Prof Proj/CMP400_Prof_Proj/Content/FirstPersonArms/Character/Textures/Manny/T_Manny_02_N.uasset" 940
"F:/CMP400 - Prof Proj/CMP400_Prof_Proj/Content/FirstPersonArms/Character/Textures/Manny/T_Manny_02_N.uexp" 941
"F:/CMP400 - Prof Proj/CMP400_Prof_Proj/Content/FirstPersonArms/Character/Textures/Manny/T_Manny_02_BN.ubulk" 942
"F:/CMP400 - Prof Proj/CMP400_Prof_Proj/Content/FirstPersonArms/Character/Textures/Manny/T_Manny_02_BN.uasset" 943
"F:/CMP400 - Prof Proj/CMP400_Prof_Proj/Content/FirstPersonArms/Character/Textures/Manny/T_Manny_02_BN.uexp" 944
"F:/CMP400 - Prof Proj/CMP400_Prof_Proj/Content/FirstPersonArms/Character/Textures/Manny/T_Manny_02_ASAOPMASK_MSK.ubulk" 945
"F:/CMP400 - Prof Proj/CMP400_Prof_Proj/Content/FirstPersonArms/Character/Textures/Manny/T_Manny_02_ASAOPMASK_MSK.uasset" 946
"F:/CMP400 - Prof Proj/CMP400_Prof_Proj/Content/FirstPersonArms/Character/Textures/Manny/T_Manny_02_ASAOPMASK_MSK.uexp" 947
"F:/CMP400 - Prof Proj/CMP400_Prof_Proj/Content/FirstPersonArms/Character/Textures/Manny/T_Manny_01_ASAOPMASK_MSK.ubulk" 948
"F:/CMP400 - Prof Proj/CMP400_Prof_Proj/Content/FirstPersonArms/Character/Textures/Manny/T_Manny_01_ASAOPMASK_MSK.uasset" 949
"F:/CMP400 - Prof Proj/CMP400_Prof_Proj/Content/FirstPersonArms/Character/Textures/Manny/T_Manny_01_ASAOPMASK_MSK.uexp" 950
"F:/CMP400 - Prof Proj/CMP400_Prof_Proj/Content/FirstPersonArms/Character/Textures/Manny/T_Manny_01_CCRCCPlastic_MSK.ubulk" 951
"F:/CMP400 - Prof Proj/CMP400_Prof_Proj/Content/FirstPersonArms/Character/Textures/Manny/T_Manny_01_CCRCCPlastic_MSK.uasset" 952
"F:/CMP400 - Prof Proj/CMP400_Prof_Proj/Content/FirstPersonArms/Character/Textures/Manny/T_Manny_01_CCRCCPlastic_MSK.uexp" 953
"F:/CMP400 - Prof Proj/CMP400_Prof_Proj/Content/FirstPersonArms/Character/Textures/Manny/T_Manny_01_Tan.ubulk" 954
"F:/CMP400 - Prof Proj/CMP400_Prof_Proj/Content/FirstPersonArms/Character/Textures/Manny/T_Manny_01_Tan.uasset" 955
"F:/CMP400 - Prof Proj/CMP400_Prof_Proj/Content/FirstPersonArms/Character/Textures/Manny/T_Manny_01_Tan.uexp" 956
"F:/CMP400 - Prof Proj/CMP400_Prof_Proj/Content/FirstPersonArms/Character/Textures/Manny/T_Manny_01_BN.ubulk" 957
"F:/CMP400 - Prof Proj/CMP400_Prof_Proj/Content/FirstPersonArms/Character/Textures/Manny/T_Manny_01_BN.uasset" 958
"F:/CMP400 - Prof Proj/CMP400_Prof_Proj/Content/FirstPersonArms/Character/Textures/Manny/T_Manny_01_BN.uexp" 959
"F:/CMP400 - Prof Proj/CMP400_Prof_Proj/Content/FirstPersonArms/Character/Textures/Manny/T_Manny_01_MSR_MSK.ubulk" 960
"F:/CMP400 - Prof Proj/CMP400_Prof_Proj/Content/FirstPersonArms/Character/Textures/Manny/T_Manny_01_MSR_MSK.uasset" 961
"F:/CMP400 - Prof Proj/CMP400_Prof_Proj/Content/FirstPersonArms/Character/Textures/Manny/T_Manny_01_MSR_MSK.uexp" 962
"F:/CMP400 - Prof Proj/CMP400_Prof_Proj/Content/FirstPersonArms/Character/Textures/Manny/T_Manny_01_N.ubulk" 963
"F:/CMP400 - Prof Proj/CMP400_Prof_Proj/Content/FirstPersonArms/Character/Textures/Manny/T_Manny_01_N.uasset" 964
"F:/CMP400 - Prof Proj/CMP400_Prof_Proj/Content/FirstPersonArms/Character/Textures/Manny/T_Manny_01_N.uexp" 965
"F:/CMP400 - Prof Proj/CMP400_Prof_Proj/Content/FirstPersonArms/Character/Textures/Manny/T_Manny_01_D.ubulk" 966
"F:/CMP400 - Prof Proj/CMP400_Prof_Proj/Content/FirstPersonArms/Character/Textures/Manny/T_Manny_01_D.uasset" 967
"F:/CMP400 - Prof Proj/CMP400_Prof_Proj/Content/FirstPersonArms/Character/Textures/Manny/T_Manny_01_D.uexp" 968
"F:/CMP400 - Prof Proj/CMP400_Prof_Proj/Content/FirstPersonArms/Character/Materials/Functions/ChromaticCurve.uasset" 969
"F:/CMP400 - Prof Proj/CMP400_Prof_Proj/Content/FirstPersonArms/Character/Materials/Functions/ChromaticCurve.uexp" 970
"F:/CMP400 - Prof Proj/CMP400_Prof_Proj/Content/FirstPersonArms/Character/Materials/Functions/CA_Mannequin.uasset" 971
"F:/CMP400 - Prof Proj/CMP400_Prof_Proj/Content/FirstPersonArms/Character/Materials/Functions/CA_Mannequin.uexp" 972
"F:/CMP400 - Prof Proj/CMP400_Prof_Proj/Content/FirstPersonArms/Character/Materials/Functions/MF_Diffraction.uasset" 973
"F:/CMP400 - Prof Proj/CMP400_Prof_Proj/Content/FirstPersonArms/Character/Materials/Functions/MF_Diffraction.uexp" 974
"../../../Engine/Content/Functions/Engine_MaterialFunctions01/Texturing/ScaleUVsByCenter.uasset" 975
"../../../Engine/Content/Functions/Engine_MaterialFunctions01/Texturing/ScaleUVsByCenter.uexp" 976
"F:/CMP400 - Prof Proj/CMP400_Prof_Proj/Content/FirstPersonArms/Character/Textures/Shared/T_UE_Logo_M.uasset" 977
"F:/CMP400 - Prof Proj/CMP400_Prof_Proj/Content/FirstPersonArms/Character/Textures/Shared/T_UE_Logo_M.uexp" 978
"F:/CMP400 - Prof Proj/CMP400_Prof_Proj/Content/FirstPersonArms/Character/Materials/Functions/MF_logo3layers.uasset" 979
"F:/CMP400 - Prof Proj/CMP400_Prof_Proj/Content/FirstPersonArms/Character/Materials/Functions/MF_logo3layers.uexp" 980
"F:/CMP400 - Prof Proj/CMP400_Prof_Proj/Content/FirstPersonArms/Character/Materials/Functions/ML_BaseColorFallOff.uasset" 981
"F:/CMP400 - Prof Proj/CMP400_Prof_Proj/Content/FirstPersonArms/Character/Materials/Functions/ML_BaseColorFallOff.uexp" 982
"F:/CMP400 - Prof Proj/CMP400_Prof_Proj/Content/FirstPersonArms/Character/Materials/M_Mannequin.uasset" 983
"F:/CMP400 - Prof Proj/CMP400_Prof_Proj/Content/FirstPersonArms/Character/Materials/M_Mannequin.uexp" 984
"F:/CMP400 - Prof Proj/CMP400_Prof_Proj/Content/FirstPersonArms/Character/Materials/Instances/Manny/MI_Manny_01.uasset" 985
"F:/CMP400 - Prof Proj/CMP400_Prof_Proj/Content/FirstPersonArms/Character/Materials/Instances/Manny/MI_Manny_01.uexp" 986
"F:/CMP400 - Prof Proj/CMP400_Prof_Proj/Content/FirstPersonArms/Character/Textures/Manny/T_Manny_02_CCRCCPlastic_MSK.ubulk" 987
"F:/CMP400 - Prof Proj/CMP400_Prof_Proj/Content/FirstPersonArms/Character/Textures/Manny/T_Manny_02_CCRCCPlastic_MSK.uasset" 988
"F:/CMP400 - Prof Proj/CMP400_Prof_Proj/Content/FirstPersonArms/Character/Textures/Manny/T_Manny_02_CCRCCPlastic_MSK.uexp" 989
"F:/CMP400 - Prof Proj/CMP400_Prof_Proj/Content/FirstPersonArms/Character/Textures/Manny/T_Manny_02_MSR_MSK.ubulk" 990
"F:/CMP400 - Prof Proj/CMP400_Prof_Proj/Content/FirstPersonArms/Character/Textures/Manny/T_Manny_02_MSR_MSK.uasset" 991
"F:/CMP400 - Prof Proj/CMP400_Prof_Proj/Content/FirstPersonArms/Character/Textures/Manny/T_Manny_02_MSR_MSK.uexp" 992
"F:/CMP400 - Prof Proj/CMP400_Prof_Proj/Content/FirstPersonArms/Character/Textures/Manny/T_Manny_02_D.ubulk" 993
"F:/CMP400 - Prof Proj/CMP400_Prof_Proj/Content/FirstPersonArms/Character/Textures/Manny/T_Manny_02_D.uasset" 994
"F:/CMP400 - Prof Proj/CMP400_Prof_Proj/Content/FirstPersonArms/Character/Textures/Manny/T_Manny_02_D.uexp" 995
"F:/CMP400 - Prof Proj/CMP400_Prof_Proj/Content/FirstPersonArms/Character/Textures/Manny/T_Manny_02_Tan.ubulk" 996
"F:/CMP400 - Prof Proj/CMP400_Prof_Proj/Content/FirstPersonArms/Character/Textures/Manny/T_Manny_02_Tan.uasset" 997
"F:/CMP400 - Prof Proj/CMP400_Prof_Proj/Content/FirstPersonArms/Character/Textures/Manny/T_Manny_02_Tan.uexp" 998
"F:/CMP400 - Prof Proj/CMP400_Prof_Proj/Content/FirstPersonArms/Character/Materials/Instances/Manny/MI_Manny_02.uasset" 999
"F:/CMP400 - Prof Proj/CMP400_Prof_Proj/Content/FirstPersonArms/Character/Materials/Instances/Manny/MI_Manny_02.uexp" 1000
"F:/CMP400 - Prof Proj/CMP400_Prof_Proj/Content/FirstPersonArms/Character/Mesh/SK_Mannequin_Arms_PhysicsAsset.uasset" 1001
"F:/CMP400 - Prof Proj/CMP400_Prof_Proj/Content/FirstPersonArms/Character/Mesh/SK_Mannequin_Arms_PhysicsAsset.uexp" 1002
"F:/CMP400 - Prof Proj/CMP400_Prof_Proj/Content/FirstPersonArms/Character/Mesh/SK_Mannequin_Arms_Skeleton.uasset" 1003
"F:/CMP400 - Prof Proj/CMP400_Prof_Proj/Content/FirstPersonArms/Character/Mesh/SK_Mannequin_Arms_Skeleton.uexp" 1004
"F:/CMP400 - Prof Proj/CMP400_Prof_Proj/Content/FirstPersonArms/Character/Mesh/SK_Mannequin_Arms.uasset" 1005
"F:/CMP400 - Prof Proj/CMP400_Prof_Proj/Content/FirstPersonArms/Character/Mesh/SK_Mannequin_Arms.uexp" 1006
"F:/CMP400 - Prof Proj/CMP400_Prof_Proj/Content/BP_WeaponComponent.uasset" 1007
"F:/CMP400 - Prof Proj/CMP400_Prof_Proj/Content/BP_WeaponComponent.uexp" 1008
"F:/CMP400 - Prof Proj/CMP400_Prof_Proj/Content/FirstPerson/Input/Actions/IA_Move.uasset" 1009
"F:/CMP400 - Prof Proj/CMP400_Prof_Proj/Content/FirstPerson/Input/Actions/IA_Move.uexp" 1010
"../../../Engine/Content/EditorBlueprintResources/StandardMacros.uasset" 1011
"../../../Engine/Content/EditorBlueprintResources/StandardMacros.uexp" 1012
"../../../Engine/Content/EditorBlueprintResources/ActorMacros.uasset" 1013
"../../../Engine/Content/EditorBlueprintResources/ActorMacros.uexp" 1014
"../../../Engine/Content/Animation/DefaultAnimCurveCompressionSettings.uasset" 1015
"../../../Engine/Content/Animation/DefaultAnimCurveCompressionSettings.uexp" 1016
"../../../Engine/Content/Animation/DefaultAnimBoneCompressionSettings.uasset" 1017
"../../../Engine/Content/Animation/DefaultAnimBoneCompressionSettings.uexp" 1018
"F:/CMP400 - Prof Proj/CMP400_Prof_Proj/Content/FirstPersonArms/Animations/FP_Rifle_Idle.uasset" 1019
"F:/CMP400 - Prof Proj/CMP400_Prof_Proj/Content/FirstPersonArms/Animations/FP_Rifle_Idle.uexp" 1020
"F:/CMP400 - Prof Proj/CMP400_Prof_Proj/Content/FirstPersonArms/Animations/FP_Rifle_Land.uasset" 1021
"F:/CMP400 - Prof Proj/CMP400_Prof_Proj/Content/FirstPersonArms/Animations/FP_Rifle_Land.uexp" 1022
"F:/CMP400 - Prof Proj/CMP400_Prof_Proj/Content/FirstPersonArms/Animations/FP_Rifle_Run.uasset" 1023
"F:/CMP400 - Prof Proj/CMP400_Prof_Proj/Content/FirstPersonArms/Animations/FP_Rifle_Run.uexp" 1024
"F:/CMP400 - Prof Proj/CMP400_Prof_Proj/Content/FirstPersonArms/Animations/FP_Rifle_Falling.uasset" 1025
"F:/CMP400 - Prof Proj/CMP400_Prof_Proj/Content/FirstPersonArms/Animations/FP_Rifle_Falling.uexp" 1026
"../../../Engine/Content/Animation/DefaultRecorderBoneCompression.uasset" 1027
"../../../Engine/Content/Animation/DefaultRecorderBoneCompression.uexp" 1028
"F:/CMP400 - Prof Proj/CMP400_Prof_Proj/Content/FirstPersonArms/Animations/FP_Idle.uasset" 1029
"F:/CMP400 - Prof Proj/CMP400_Prof_Proj/Content/FirstPersonArms/Animations/FP_Idle.uexp" 1030
"F:/CMP400 - Prof Proj/CMP400_Prof_Proj/Content/FirstPersonArms/Animations/FP_Jump.uasset" 1031
"F:/CMP400 - Prof Proj/CMP400_Prof_Proj/Content/FirstPersonArms/Animations/FP_Jump.uexp" 1032
"F:/CMP400 - Prof Proj/CMP400_Prof_Proj/Content/FirstPersonArms/Animations/FP_Run_Fwd.uasset" 1033
"F:/CMP400 - Prof Proj/CMP400_Prof_Proj/Content/FirstPersonArms/Animations/FP_Run_Fwd.uexp" 1034
"F:/CMP400 - Prof Proj/CMP400_Prof_Proj/Content/FirstPersonArms/Animations/FP_Land.uasset" 1035
"F:/CMP400 - Prof Proj/CMP400_Prof_Proj/Content/FirstPersonArms/Animations/FP_Land.uexp" 1036
"F:/CMP400 - Prof Proj/CMP400_Prof_Proj/Content/FirstPersonArms/Animations/FP_Falling.uasset" 1037
"F:/CMP400 - Prof Proj/CMP400_Prof_Proj/Content/FirstPersonArms/Animations/FP_Falling.uexp" 1038
"../../../Engine/Content/Animation/DefaultVariableFrameStrippingSettings.uasset" 1039
"../../../Engine/Content/Animation/DefaultVariableFrameStrippingSettings.uexp" 1040
"F:/CMP400 - Prof Proj/CMP400_Prof_Proj/Content/FirstPersonArms/Animations/FP_Rifle_Jump.uasset" 1041
"F:/CMP400 - Prof Proj/CMP400_Prof_Proj/Content/FirstPersonArms/Animations/FP_Rifle_Jump.uexp" 1042
"F:/CMP400 - Prof Proj/CMP400_Prof_Proj/Content/FirstPersonArms/Animations/FirstPerson_AnimBP.uasset" 1043
"F:/CMP400 - Prof Proj/CMP400_Prof_Proj/Content/FirstPersonArms/Animations/FirstPerson_AnimBP.uexp" 1044
"F:/CMP400 - Prof Proj/CMP400_Prof_Proj/Content/FirstPerson/Input/Actions/IA_Jump.uasset" 1045
"F:/CMP400 - Prof Proj/CMP400_Prof_Proj/Content/FirstPerson/Input/Actions/IA_Jump.uexp" 1046
"F:/CMP400 - Prof Proj/CMP400_Prof_Proj/Content/FirstPerson/Blueprints/BP_FirstPersonCharacter.uasset" 1047
"F:/CMP400 - Prof Proj/CMP400_Prof_Proj/Content/FirstPerson/Blueprints/BP_FirstPersonCharacter.uexp" 1048
"F:/CMP400 - Prof Proj/CMP400_Prof_Proj/Content/FirstPerson/Blueprints/AC_Health.uasset" 1049
"F:/CMP400 - Prof Proj/CMP400_Prof_Proj/Content/FirstPerson/Blueprints/AC_Health.uexp" 1050
"F:/CMP400 - Prof Proj/CMP400_Prof_Proj/Content/FirstPerson/Blueprints/BP_FirstPersonProjectile.uasset" 1051
"F:/CMP400 - Prof Proj/CMP400_Prof_Proj/Content/FirstPerson/Blueprints/BP_FirstPersonProjectile.uexp" 1052
"F:/CMP400 - Prof Proj/CMP400_Prof_Proj/Content/FirstPersonArms/Animations/FP_Rifle_Fire.uasset" 1053
"F:/CMP400 - Prof Proj/CMP400_Prof_Proj/Content/FirstPersonArms/Animations/FP_Rifle_Fire.uexp" 1054
"F:/CMP400 - Prof Proj/CMP400_Prof_Proj/Content/FirstPersonArms/Animations/FP_Rifle_Shoot_Montage.uasset" 1055
"F:/CMP400 - Prof Proj/CMP400_Prof_Proj/Content/FirstPersonArms/Animations/FP_Rifle_Shoot_Montage.uexp" 1056
"F:/CMP400 - Prof Proj/CMP400_Prof_Proj/Content/FirstPerson/Blueprints/BP_PickUp_Rifle.uasset" 1057
"F:/CMP400 - Prof Proj/CMP400_Prof_Proj/Content/FirstPerson/Blueprints/BP_PickUp_Rifle.uexp" 1058
"../../../Engine/Content/EngineSky/T_Sky_Stars.ubulk" 1059
"../../../Engine/Content/EngineSky/T_Sky_Stars.uasset" 1060
"../../../Engine/Content/EngineSky/T_Sky_Stars.uexp" 1061
"../../../Engine/Content/EngineSky/T_Sky_Clouds_M.ubulk" 1062
"../../../Engine/Content/EngineSky/T_Sky_Clouds_M.uasset" 1063
"../../../Engine/Content/EngineSky/T_Sky_Clouds_M.uexp" 1064
"../../../Engine/Content/EngineSky/T_Sky_Blue.ubulk" 1065
"../../../Engine/Content/EngineSky/T_Sky_Blue.uasset" 1066
"../../../Engine/Content/EngineSky/T_Sky_Blue.uexp" 1067
"../../../Engine/Content/EngineSky/M_Sky_Panning_Clouds2.uasset" 1068
"../../../Engine/Content/EngineSky/M_Sky_Panning_Clouds2.uexp" 1069
"../../../Engine/Content/EngineSky/SM_SkySphere.ubulk" 1070
"../../../Engine/Content/EngineSky/SM_SkySphere.uasset" 1071
"../../../Engine/Content/EngineSky/SM_SkySphere.uexp" 1072
"../../../Engine/Content/EngineSky/M_SimpleSkyDome.uasset" 1073
"../../../Engine/Content/EngineSky/M_SimpleSkyDome.uexp" 1074
"../../../Engine/Content/Maps/Entry_BuiltData.uasset" 1075
"../../../Engine/Content/Maps/Entry_BuiltData.uexp" 1076
"../../../Engine/Content/Maps/Entry.uexp" 1077
"../../../Engine/Content/Maps/Entry.umap" 1078
"F:/CMP400 - Prof Proj/CMP400_Prof_Proj/Content/FirstPerson/Input/IMC_Default.uasset" 1079
"F:/CMP400 - Prof Proj/CMP400_Prof_Proj/Content/FirstPerson/Input/IMC_Default.uexp" 1080
"F:/CMP400 - Prof Proj/CMP400_Prof_Proj/Content/FirstPerson/Blueprints/BP_FirstPersonPlayerController.uasset" 1081
"F:/CMP400 - Prof Proj/CMP400_Prof_Proj/Content/FirstPerson/Blueprints/BP_FirstPersonPlayerController.uexp" 1082
"F:/CMP400 - Prof Proj/CMP400_Prof_Proj/Content/FirstPerson/Blueprints/BP_FirstPersonGameMode.uasset" 1083
"F:/CMP400 - Prof Proj/CMP400_Prof_Proj/Content/FirstPerson/Blueprints/BP_FirstPersonGameMode.uexp" 1084
"F:/CMP400 - Prof Proj/CMP400_Prof_Proj/Content/FirstPerson/Maps/FirstPersonMap.uexp" 1085
"F:/CMP400 - Prof Proj/CMP400_Prof_Proj/Content/FirstPerson/Maps/FirstPersonMap.umap" 1086
